#
# There is insufficient memory for the Java Runtime Environment to continue.
# Native memory allocation (mmap) failed to map 134217728 bytes for G1 virtual space
# Possible reasons:
#   The system is out of physical RAM or swap space
#   The process is running with CompressedOops enabled, and the Java Heap may be blocking the growth of the native heap
# Possible solutions:
#   Reduce memory load on the system
#   Increase physical memory or swap space
#   Check if swap backing store is full
#   Decrease Java heap size (-Xmx/-Xms)
#   Decrease number of Java threads
#   Decrease Java thread stack sizes (-Xss)
#   Set larger code cache with -XX:ReservedCodeCacheSize=
#   JVM is running with Unscaled Compressed Oops mode in which the Java heap is
#     placed in the first 4GB address space. The Java Heap base address is the
#     maximum limit for the native heap growth. Please use -XX:HeapBaseMinAddress
#     to set the Java Heap base and to place the Java Heap above 4GB virtual address.
# This output file may be truncated or incomplete.
#
#  Out of Memory Error (./open/src/hotspot/os/windows/os_windows.cpp:3321), pid=7140, tid=12072
#
# JRE version:  (15.0.2+7) (build )
# Java VM: Java HotSpot(TM) 64-Bit Server VM (15.0.2+7-27, mixed mode, sharing, tiered, compressed oops, g1 gc, windows-amd64)
# No core dump will be written. Minidumps are not enabled by default on client versions of Windows
#

---------------  S U M M A R Y ------------

Command Line: -Dclassworlds.conf=C:\Java\netbeans\java\maven\bin\..\bin\m2.conf -Dmaven.home=C:\Java\netbeans\java\maven\bin\.. -Dlibrary.jansi.path=C:\Java\netbeans\java\maven\bin\..\lib\jansi-native -Dmaven.multiModuleProjectDirectory=C:\Users\rchamac\Documents\NetBeansProjects\RCMt13 org.codehaus.plexus.classworlds.launcher.Launcher -Dexec.args=-classpath %classpath com.mycompany.rcmt13.RCMt13e09 -Dexec.executable=C:\Java\jdk-15.0.2\bin\java.exe -Dmaven.ext.class.path=C:\Java\netbeans\java\maven-nblib\netbeans-eventspy.jar -Dfile.encoding=UTF-8 process-classes org.codehaus.mojo:exec-maven-plugin:3.0.0:exec

Host: Intel(R) Core(TM) i5-1035G1 CPU @ 1.00GHz, 3 cores, 7G,  Windows 10 , 64 bit Build 19041 (10.0.19041.804)
Time: Mon Mar 29 18:02:25 2021 Hora de verano romance elapsed time: 0.010410 seconds (0d 0h 0m 0s)

---------------  T H R E A D  ---------------

Current thread (0x000001f6ffdb18f0):  JavaThread "Unknown thread" [_thread_in_vm, id=12072, stack(0x000000ab4ec00000,0x000000ab4ed00000)]

Stack: [0x000000ab4ec00000,0x000000ab4ed00000]
Native frames: (J=compiled Java code, j=interpreted, Vv=VM code, C=native code)
V  [jvm.dll+0x62ae9a]
V  [jvm.dll+0x7817a9]
V  [jvm.dll+0x782f03]
V  [jvm.dll+0x783563]
V  [jvm.dll+0x216325]
V  [jvm.dll+0x6281d9]
V  [jvm.dll+0x61cf55]
V  [jvm.dll+0x2cffdd]
V  [jvm.dll+0x2cfe42]
V  [jvm.dll+0x2d5e1c]
V  [jvm.dll+0x32590a]
V  [jvm.dll+0x324fd4]
V  [jvm.dll+0x2a6f5a]
V  [jvm.dll+0x2a80f8]
V  [jvm.dll+0x75e241]
V  [jvm.dll+0x3341c4]
V  [jvm.dll+0x73e926]
V  [jvm.dll+0x3b7557]
V  [jvm.dll+0x3b8fe1]
C  [jli.dll+0x52fb]
C  [ucrtbase.dll+0x21bb2]
C  [KERNEL32.DLL+0x17034]
C  [ntdll.dll+0x52651]


---------------  P R O C E S S  ---------------

Threads class SMR info:
_java_thread_list=0x00007ffdba444ff0, length=0, elements={
}

Java Threads: ( => current thread )

Other Threads:
  0x000001f6ffdef2f0 GCTaskThread "GC Thread#0" [stack: 0x000000ab4ed00000,0x000000ab4ee00000] [id=11424]
  0x000001f6ffe005c0 ConcurrentGCThread "G1 Main Marker" [stack: 0x000000ab4ee00000,0x000000ab4ef00000] [id=11420]
  0x000001f6ffe021c0 ConcurrentGCThread "G1 Conc#0" [stack: 0x000000ab4ef00000,0x000000ab4f000000] [id=12164]

[error occurred during error reporting (printing all threads), id 0xc0000005, EXCEPTION_ACCESS_VIOLATION (0xc0000005) at pc=0x00007ffdb9c37e27]

VM state: not at safepoint (not fully initialized)

VM Mutex/Monitor currently owned by a thread:  ([mutex/lock_event])
[0x000001f6ffdada50] Heap_lock - owner thread: 0x000001f6ffdb18f0

Heap address: 0x0000000080000000, size: 2048 MB, Compressed Oops mode: 32-bit
CDS archive(s) mapped at: [0x0000000000000000-0x0000000000000000-0x0000000000000000), size 0, SharedBaseAddress: 0x0000000800000000, ArchiveRelocationMode: 0.
Narrow klass base: 0x0000000000000000, Narrow klass shift: 0, Narrow klass range: 0x0

Heap:
 garbage-first heap   total 131072K, used 0K [0x0000000080000000, 0x0000000100000000)
  region size 1024K, 0 young (0K), 0 survivors (0K)
 Metaspace       used 0K, capacity 0K, committed 0K, reserved 0K
  class space    used 0K, capacity 0K, committed 0K, reserved 0K

Heap Regions: E=young(eden), S=young(survivor), O=old, HS=humongous(starts), HC=humongous(continues), CS=collection set, F=free, OA=open archive, CA=closed archive, TAMS=top-at-mark-start (previous, next)

Card table byte_map: [0x000001f698d90000,0x000001f699190000] _byte_map_base: 0x000001f698990000

Marking Bits (Prev, Next): (CMBitMap*) 0x000001f6ffdefb60, (CMBitMap*) 0x000001f6ffdefba0
 Prev Bits: [0x000001f699590000, 0x000001f69b590000)
 Next Bits: [0x000001f69b590000, 0x000001f69d590000)

GC Heap History (0 events):
No events

Deoptimization events (0 events):
No events

Classes unloaded (0 events):
No events

Classes redefined (0 events):
No events

Internal exceptions (0 events):
No events

Events (1 events):
Event: 0.005 Loaded shared library C:\Java\jdk-15.0.2\bin\java.dll


Dynamic libraries:
0x00007ff7a4590000 - 0x00007ff7a459f000 	C:\Java\jdk-15.0.2\bin\java.exe
0x00007ffde6e30000 - 0x00007ffde7025000 	C:\Windows\SYSTEM32\ntdll.dll
0x00007ffde4f30000 - 0x00007ffde4fed000 	C:\Windows\System32\KERNEL32.DLL
0x00007ffde4670000 - 0x00007ffde4939000 	C:\Windows\System32\KERNELBASE.dll
0x00007ffde4940000 - 0x00007ffde4a40000 	C:\Windows\System32\ucrtbase.dll
0x00007ffdde710000 - 0x00007ffdde728000 	C:\Java\jdk-15.0.2\bin\jli.dll
0x00007ffde6a10000 - 0x00007ffde6abc000 	C:\Windows\System32\ADVAPI32.dll
0x00007ffde5280000 - 0x00007ffde531e000 	C:\Windows\System32\msvcrt.dll
0x00007ffde4e90000 - 0x00007ffde4f2c000 	C:\Windows\System32\sechost.dll
0x00007ffde6470000 - 0x00007ffde659b000 	C:\Windows\System32\RPCRT4.dll
0x00007ffde6270000 - 0x00007ffde6410000 	C:\Windows\System32\USER32.dll
0x00007ffde4a40000 - 0x00007ffde4a62000 	C:\Windows\System32\win32u.dll
0x00007ffde6dc0000 - 0x00007ffde6dea000 	C:\Windows\System32\GDI32.dll
0x00007ffde4d20000 - 0x00007ffde4e2b000 	C:\Windows\System32\gdi32full.dll
0x00007ffde4a70000 - 0x00007ffde4b0d000 	C:\Windows\System32\msvcp_win.dll
0x00007ffde1c60000 - 0x00007ffde1c79000 	C:\Java\jdk-15.0.2\bin\VCRUNTIME140.dll
0x00007ffddb5c0000 - 0x00007ffddb85a000 	C:\Windows\WinSxS\amd64_microsoft.windows.common-controls_6595b64144ccf1df_6.0.19041.844_none_ca00b6081b84eb1d\COMCTL32.dll
0x00007ffddd700000 - 0x00007ffddd70a000 	C:\Windows\SYSTEM32\VERSION.dll
0x00007ffde6c30000 - 0x00007ffde6c60000 	C:\Windows\System32\IMM32.DLL
0x00007ffde1c50000 - 0x00007ffde1c5c000 	C:\Java\jdk-15.0.2\bin\vcruntime140_1.dll
0x00007ffdd1b70000 - 0x00007ffdd1c01000 	C:\Java\jdk-15.0.2\bin\msvcp140.dll
0x00007ffdb9980000 - 0x00007ffdba4de000 	C:\Java\jdk-15.0.2\bin\server\jvm.dll
0x00007ffde6c60000 - 0x00007ffde6c68000 	C:\Windows\System32\PSAPI.DLL
0x00007ffde1c80000 - 0x00007ffde1c89000 	C:\Windows\SYSTEM32\WSOCK32.dll
0x00007ffde6200000 - 0x00007ffde626b000 	C:\Windows\System32\WS2_32.dll
0x00007ffdd1f20000 - 0x00007ffdd1f47000 	C:\Windows\SYSTEM32\WINMM.dll
0x00007ffde24d0000 - 0x00007ffde24e2000 	C:\Windows\SYSTEM32\kernel.appcore.dll
0x00007ffde0310000 - 0x00007ffde031a000 	C:\Java\jdk-15.0.2\bin\jimage.dll
0x00007ffdd83e0000 - 0x00007ffdd85c4000 	C:\Windows\SYSTEM32\DBGHELP.DLL
0x00007ffdd83b0000 - 0x00007ffdd83dc000 	C:\Windows\SYSTEM32\dbgcore.DLL
0x00007ffde4570000 - 0x00007ffde45f0000 	C:\Windows\System32\bcryptPrimitives.dll
0x00007ffde1c20000 - 0x00007ffde1c45000 	C:\Java\jdk-15.0.2\bin\java.dll

dbghelp: loaded successfully - version: 4.0.5 - missing functions: none
symbol engine: initialized successfully - sym options: 0x614 - pdb path: .;C:\Java\jdk-15.0.2\bin;C:\Windows\SYSTEM32;C:\Windows\WinSxS\amd64_microsoft.windows.common-controls_6595b64144ccf1df_6.0.19041.844_none_ca00b6081b84eb1d;C:\Java\jdk-15.0.2\bin\server

VM Arguments:
jvm_args: -Dclassworlds.conf=C:\Java\netbeans\java\maven\bin\..\bin\m2.conf -Dmaven.home=C:\Java\netbeans\java\maven\bin\.. -Dlibrary.jansi.path=C:\Java\netbeans\java\maven\bin\..\lib\jansi-native -Dmaven.multiModuleProjectDirectory=C:\Users\rchamac\Documents\NetBeansProjects\RCMt13 
java_command: org.codehaus.plexus.classworlds.launcher.Launcher -Dexec.args=-classpath %classpath com.mycompany.rcmt13.RCMt13e09 -Dexec.executable=C:\Java\jdk-15.0.2\bin\java.exe -Dmaven.ext.class.path=C:\Java\netbeans\java\maven-nblib\netbeans-eventspy.jar -Dfile.encoding=UTF-8 process-classes org.codehaus.mojo:exec-maven-plugin:3.0.0:exec
java_class_path (initial): C:\Java\netbeans\java\maven\bin\..\boot\plexus-classworlds-2.6.0.jar
Launcher Type: SUN_STANDARD

[Global flags]
     intx CICompilerCount                          = 2                                         {product} {ergonomic}
     uint ConcGCThreads                            = 1                                         {product} {ergonomic}
     uint G1ConcRefinementThreads                  = 3                                         {product} {ergonomic}
   size_t G1HeapRegionSize                         = 1048576                                   {product} {ergonomic}
    uintx GCDrainStackTargetSize                   = 64                                        {product} {ergonomic}
   size_t InitialHeapSize                          = 134217728                                 {product} {ergonomic}
   size_t MarkStackSize                            = 4194304                                   {product} {ergonomic}
   size_t MaxHeapSize                              = 2147483648                                {product} {ergonomic}
   size_t MinHeapDeltaBytes                        = 1048576                                   {product} {ergonomic}
   size_t MinHeapSize                              = 8388608                                   {product} {ergonomic}
    uintx NonNMethodCodeHeapSize                   = 5826188                                {pd product} {ergonomic}
    uintx NonProfiledCodeHeapSize                  = 122916026                              {pd product} {ergonomic}
    uintx ProfiledCodeHeapSize                     = 122916026                              {pd product} {ergonomic}
    uintx ReservedCodeCacheSize                    = 251658240                              {pd product} {ergonomic}
     bool SegmentedCodeCache                       = true                                      {product} {ergonomic}
   size_t SoftMaxHeapSize                          = 2147483648                             {manageable} {ergonomic}
     bool UseCompressedClassPointers               = true                                 {lp64_product} {ergonomic}
     bool UseCompressedOops                        = true                                 {lp64_product} {ergonomic}
     bool UseG1GC                                  = true                                      {product} {ergonomic}
     bool UseLargePagesIndividualAllocation        = false                                  {pd product} {ergonomic}

Logging:
Log output configuration:
 #0: stdout all=warning uptime,level,tags
 #1: stderr all=off uptime,level,tags

Environment Variables:
JAVA_HOME=C:\Java\jdk-15.0.2
PATH=C:\Windows\system32;C:\Windows;C:\Windows\System32\Wbem;C:\Windows\System32\WindowsPowerShell\v1.0\;C:\Windows\System32\OpenSSH\;C:\Program Files\Git\cmd;C:\Users\rchamac\AppData\Local\Microsoft\WindowsApps;;C:\Users\rchamac\AppData\Local\Programs\Microsoft VS Code\bin
USERNAME=rchamac
OS=Windows_NT
PROCESSOR_IDENTIFIER=Intel64 Family 6 Model 126 Stepping 5, GenuineIntel



---------------  S Y S T E M  ---------------

OS:
 Windows 10 , 64 bit Build 19041 (10.0.19041.804)
OS uptime: 0 days 0:26 hours

CPU: total 3 (initial active 3) (3 cores per cpu, 1 threads per core) family 6 model 126 stepping 5 microcode 0x0, cmov, cx8, fxsr, mmx, sse, sse2, sse3, ssse3, sse4.1, sse4.2, popcnt, vzeroupper, avx, avx2, aes, clmul, 3dnowpref, lzcnt, tsc, tscinvbit, clflush, clflushopt

Memory: 4k page, system-wide physical 8191M (1294M free)
TotalPageFile size 14521M (AvailPageFile size 76M)
current process WorkingSet (physical memory assigned to process): 9M, peak: 9M
current process commit charge ("private bytes"): 49M, peak: 177M

vm_info: Java HotSpot(TM) 64-Bit Server VM (15.0.2+7-27) for windows-amd64 JRE (15.0.2+7-27), built on Dec  7 2020 20:07:01 by "mach5one" with unknown MS VC++:1925

END.
