#
# There is insufficient memory for the Java Runtime Environment to continue.
# Native memory allocation (malloc) failed to allocate 1158880 bytes for Chunk::new
# Possible reasons:
#   The system is out of physical RAM or swap space
#   The process is running with CompressedOops enabled, and the Java Heap may be blocking the growth of the native heap
# Possible solutions:
#   Reduce memory load on the system
#   Increase physical memory or swap space
#   Check if swap backing store is full
#   Decrease Java heap size (-Xmx/-Xms)
#   Decrease number of Java threads
#   Decrease Java thread stack sizes (-Xss)
#   Set larger code cache with -XX:ReservedCodeCacheSize=
#   JVM is running with Unscaled Compressed Oops mode in which the Java heap is
#     placed in the first 4GB address space. The Java Heap base address is the
#     maximum limit for the native heap growth. Please use -XX:HeapBaseMinAddress
#     to set the Java Heap base and to place the Java Heap above 4GB virtual address.
# This output file may be truncated or incomplete.
#
#  Out of Memory Error (./open/src/hotspot/share/memory/arena.cpp:195), pid=11340, tid=11420
#
# JRE version: Java(TM) SE Runtime Environment (15.0.2+7) (build 15.0.2+7-27)
# Java VM: Java HotSpot(TM) 64-Bit Server VM (15.0.2+7-27, mixed mode, sharing, tiered, compressed oops, g1 gc, windows-amd64)
# No core dump will be written. Minidumps are not enabled by default on client versions of Windows
#

---------------  S U M M A R Y ------------

Command Line: -Dclassworlds.conf=C:\Java\netbeans\java\maven\bin\..\bin\m2.conf -Dmaven.home=C:\Java\netbeans\java\maven\bin\.. -Dlibrary.jansi.path=C:\Java\netbeans\java\maven\bin\..\lib\jansi-native -Dmaven.multiModuleProjectDirectory=C:\Users\rchamac\Documents\NetBeansProjects\RCMt13 org.codehaus.plexus.classworlds.launcher.Launcher -Dexec.args=-classpath %classpath com.mycompany.rcmt13.RCMt13e09 -Dexec.executable=C:\Java\jdk-15.0.2\bin\java.exe -Dmaven.ext.class.path=C:\Java\netbeans\java\maven-nblib\netbeans-eventspy.jar -Dfile.encoding=UTF-8 process-classes org.codehaus.mojo:exec-maven-plugin:3.0.0:exec

Host: Intel(R) Core(TM) i5-1035G1 CPU @ 1.00GHz, 3 cores, 7G,  Windows 10 , 64 bit Build 19041 (10.0.19041.804)
Time: Mon Mar 29 18:22:46 2021 Hora de verano romance elapsed time: 2.254169 seconds (0d 0h 0m 2s)

---------------  T H R E A D  ---------------

Current thread (0x00000198f03771b0):  JavaThread "C2 CompilerThread0" daemon [_thread_in_native, id=11420, stack(0x000000505a400000,0x000000505a500000)]


Current CompileTask:
C2:   2254 1778   !   4       java.net.URL::<init> (543 bytes)

Stack: [0x000000505a400000,0x000000505a500000]
Native frames: (J=compiled Java code, j=interpreted, Vv=VM code, C=native code)
V  [jvm.dll+0x62ae9a]
V  [jvm.dll+0x7817a9]
V  [jvm.dll+0x782f03]
V  [jvm.dll+0x783563]
V  [jvm.dll+0x216325]
V  [jvm.dll+0x97f3a]
V  [jvm.dll+0x9861c]
V  [jvm.dll+0x32e305]
V  [jvm.dll+0x18e3b1]
V  [jvm.dll+0x1ea822]
V  [jvm.dll+0x1e996e]
V  [jvm.dll+0x178567]
V  [jvm.dll+0x1f9225]
V  [jvm.dll+0x1f72cc]
V  [jvm.dll+0x74495d]
V  [jvm.dll+0x73d75a]
V  [jvm.dll+0x629c56]
C  [ucrtbase.dll+0x21bb2]
C  [KERNEL32.DLL+0x17034]
C  [ntdll.dll+0x52651]


---------------  P R O C E S S  ---------------

Threads class SMR info:
_java_thread_list=0x00000198f0db80f0, length=11, elements={
0x00000198d2291810, 0x00000198f0354170, 0x00000198f0354d40, 0x00000198f0370080,
0x00000198f0372a50, 0x00000198f0376420, 0x00000198f03771b0, 0x00000198f03dc310,
0x00000198f03dd920, 0x00000198f0db30c0, 0x00000198f0dcc3b0
}

Java Threads: ( => current thread )
  0x00000198d2291810 JavaThread "main" [_thread_in_vm, id=11352, stack(0x0000005059700000,0x0000005059800000)]
  0x00000198f0354170 JavaThread "Reference Handler" daemon [_thread_blocked, id=11396, stack(0x0000005059f00000,0x000000505a000000)]
  0x00000198f0354d40 JavaThread "Finalizer" daemon [_thread_blocked, id=11400, stack(0x000000505a000000,0x000000505a100000)]
  0x00000198f0370080 JavaThread "Signal Dispatcher" daemon [_thread_blocked, id=11408, stack(0x000000505a100000,0x000000505a200000)]
  0x00000198f0372a50 JavaThread "Attach Listener" daemon [_thread_blocked, id=11412, stack(0x000000505a200000,0x000000505a300000)]
  0x00000198f0376420 JavaThread "Service Thread" daemon [_thread_blocked, id=11416, stack(0x000000505a300000,0x000000505a400000)]
=>0x00000198f03771b0 JavaThread "C2 CompilerThread0" daemon [_thread_in_native, id=11420, stack(0x000000505a400000,0x000000505a500000)]
  0x00000198f03dc310 JavaThread "C1 CompilerThread0" daemon [_thread_in_native, id=11428, stack(0x000000505a500000,0x000000505a600000)]
  0x00000198f03dd920 JavaThread "Sweeper thread" daemon [_thread_blocked, id=11432, stack(0x000000505a600000,0x000000505a700000)]
  0x00000198f0db30c0 JavaThread "Notification Thread" daemon [_thread_blocked, id=11448, stack(0x000000505a700000,0x000000505a800000)]
  0x00000198f0dcc3b0 JavaThread "Common-Cleaner" daemon [_thread_blocked, id=11456, stack(0x000000505a900000,0x000000505aa00000)]

Other Threads:
  0x00000198f0350b40 VMThread "VM Thread" [stack: 0x0000005059e00000,0x0000005059f00000] [id=11380]
  0x00000198f0dcc0a0 WatcherThread [stack: 0x000000505a800000,0x000000505a900000] [id=11452]
  0x00000198d22cf190 GCTaskThread "GC Thread#0" [stack: 0x0000005059900000,0x0000005059a00000] [id=11360]
  0x00000198f12f3050 GCTaskThread "GC Thread#1" [stack: 0x000000505aa00000,0x000000505ab00000] [id=11516]
  0x00000198f12f59c0 GCTaskThread "GC Thread#2" [stack: 0x000000505ab00000,0x000000505ac00000] [id=11520]
  0x00000198d22e0460 ConcurrentGCThread "G1 Main Marker" [stack: 0x0000005059a00000,0x0000005059b00000] [id=11364]
  0x00000198d22e2060 ConcurrentGCThread "G1 Conc#0" [stack: 0x0000005059b00000,0x0000005059c00000] [id=11368]
  0x00000198d2354830 ConcurrentGCThread "G1 Refine#0" [stack: 0x0000005059c00000,0x0000005059d00000] [id=11372]
  0x00000198d23562e0 ConcurrentGCThread "G1 Young RemSet Sampling" [stack: 0x0000005059d00000,0x0000005059e00000] [id=11376]

Threads with active compile tasks:
C2 CompilerThread0     2270 1778   !   4       java.net.URL::<init> (543 bytes)

VM state: not at safepoint (normal execution)

VM Mutex/Monitor currently owned by a thread: None

Heap address: 0x0000000080000000, size: 2048 MB, Compressed Oops mode: 32-bit
CDS archive(s) mapped at: [0x0000000800000000-0x0000000800b50000-0x0000000800b50000), size 11862016, SharedBaseAddress: 0x0000000800000000, ArchiveRelocationMode: 0.
Compressed class space mapped at: 0x0000000800b50000-0x0000000840b50000, size: 1073741824
Narrow klass base: 0x0000000800000000, Narrow klass shift: 3, Narrow klass range: 0x100000000

GC Precious Log:
 CPUs: 3 total, 3 available
 Memory: 8191M
 Large Page Support: Disabled
 NUMA Support: Disabled
 Compressed Oops: Enabled (32-bit)
 Heap Region Size: 1M
 Heap Min Capacity: 8M
 Heap Initial Capacity: 128M
 Heap Max Capacity: 2G
 Pre-touch: Disabled
 Parallel Workers: 3
 Concurrent Workers: 1
 Concurrent Refinement Workers: 3
 Periodic GC: Disabled

Heap:
 garbage-first heap   total 131072K, used 40508K [0x0000000080000000, 0x0000000100000000)
  region size 1024K, 39 young (39936K), 2 survivors (2048K)
 Metaspace       used 10958K, capacity 12743K, committed 12800K, reserved 1060864K
  class space    used 1294K, capacity 1525K, committed 1536K, reserved 1048576K

Heap Regions: E=young(eden), S=young(survivor), O=old, HS=humongous(starts), HC=humongous(continues), CS=collection set, F=free, OA=open archive, CA=closed archive, TAMS=top-at-mark-start (previous, next)
|   0|0x0000000080000000, 0x0000000080100000, 0x0000000080100000|100%| O|  |TAMS 0x0000000080000000, 0x0000000080000000| Untracked 
|   1|0x0000000080100000, 0x00000000801ff800, 0x0000000080200000| 99%| O|  |TAMS 0x0000000080100000, 0x0000000080100000| Untracked 
|   2|0x0000000080200000, 0x0000000080200000, 0x0000000080300000|  0%| F|  |TAMS 0x0000000080200000, 0x0000000080200000| Untracked 
|   3|0x0000000080300000, 0x0000000080300000, 0x0000000080400000|  0%| F|  |TAMS 0x0000000080300000, 0x0000000080300000| Untracked 
|   4|0x0000000080400000, 0x0000000080400000, 0x0000000080500000|  0%| F|  |TAMS 0x0000000080400000, 0x0000000080400000| Untracked 
|   5|0x0000000080500000, 0x0000000080500000, 0x0000000080600000|  0%| F|  |TAMS 0x0000000080500000, 0x0000000080500000| Untracked 
|   6|0x0000000080600000, 0x0000000080600000, 0x0000000080700000|  0%| F|  |TAMS 0x0000000080600000, 0x0000000080600000| Untracked 
|   7|0x0000000080700000, 0x0000000080700000, 0x0000000080800000|  0%| F|  |TAMS 0x0000000080700000, 0x0000000080700000| Untracked 
|   8|0x0000000080800000, 0x0000000080800000, 0x0000000080900000|  0%| F|  |TAMS 0x0000000080800000, 0x0000000080800000| Untracked 
|   9|0x0000000080900000, 0x0000000080900000, 0x0000000080a00000|  0%| F|  |TAMS 0x0000000080900000, 0x0000000080900000| Untracked 
|  10|0x0000000080a00000, 0x0000000080a00000, 0x0000000080b00000|  0%| F|  |TAMS 0x0000000080a00000, 0x0000000080a00000| Untracked 
|  11|0x0000000080b00000, 0x0000000080b00000, 0x0000000080c00000|  0%| F|  |TAMS 0x0000000080b00000, 0x0000000080b00000| Untracked 
|  12|0x0000000080c00000, 0x0000000080c00000, 0x0000000080d00000|  0%| F|  |TAMS 0x0000000080c00000, 0x0000000080c00000| Untracked 
|  13|0x0000000080d00000, 0x0000000080d00000, 0x0000000080e00000|  0%| F|  |TAMS 0x0000000080d00000, 0x0000000080d00000| Untracked 
|  14|0x0000000080e00000, 0x0000000080e00000, 0x0000000080f00000|  0%| F|  |TAMS 0x0000000080e00000, 0x0000000080e00000| Untracked 
|  15|0x0000000080f00000, 0x0000000080f00000, 0x0000000081000000|  0%| F|  |TAMS 0x0000000080f00000, 0x0000000080f00000| Untracked 
|  16|0x0000000081000000, 0x0000000081000000, 0x0000000081100000|  0%| F|  |TAMS 0x0000000081000000, 0x0000000081000000| Untracked 
|  17|0x0000000081100000, 0x0000000081100000, 0x0000000081200000|  0%| F|  |TAMS 0x0000000081100000, 0x0000000081100000| Untracked 
|  18|0x0000000081200000, 0x0000000081200000, 0x0000000081300000|  0%| F|  |TAMS 0x0000000081200000, 0x0000000081200000| Untracked 
|  19|0x0000000081300000, 0x0000000081300000, 0x0000000081400000|  0%| F|  |TAMS 0x0000000081300000, 0x0000000081300000| Untracked 
|  20|0x0000000081400000, 0x0000000081400000, 0x0000000081500000|  0%| F|  |TAMS 0x0000000081400000, 0x0000000081400000| Untracked 
|  21|0x0000000081500000, 0x0000000081500000, 0x0000000081600000|  0%| F|  |TAMS 0x0000000081500000, 0x0000000081500000| Untracked 
|  22|0x0000000081600000, 0x0000000081600000, 0x0000000081700000|  0%| F|  |TAMS 0x0000000081600000, 0x0000000081600000| Untracked 
|  23|0x0000000081700000, 0x0000000081700000, 0x0000000081800000|  0%| F|  |TAMS 0x0000000081700000, 0x0000000081700000| Untracked 
|  24|0x0000000081800000, 0x0000000081800000, 0x0000000081900000|  0%| F|  |TAMS 0x0000000081800000, 0x0000000081800000| Untracked 
|  25|0x0000000081900000, 0x0000000081900000, 0x0000000081a00000|  0%| F|  |TAMS 0x0000000081900000, 0x0000000081900000| Untracked 
|  26|0x0000000081a00000, 0x0000000081a00000, 0x0000000081b00000|  0%| F|  |TAMS 0x0000000081a00000, 0x0000000081a00000| Untracked 
|  27|0x0000000081b00000, 0x0000000081b00000, 0x0000000081c00000|  0%| F|  |TAMS 0x0000000081b00000, 0x0000000081b00000| Untracked 
|  28|0x0000000081c00000, 0x0000000081c00000, 0x0000000081d00000|  0%| F|  |TAMS 0x0000000081c00000, 0x0000000081c00000| Untracked 
|  29|0x0000000081d00000, 0x0000000081d00000, 0x0000000081e00000|  0%| F|  |TAMS 0x0000000081d00000, 0x0000000081d00000| Untracked 
|  30|0x0000000081e00000, 0x0000000081e00000, 0x0000000081f00000|  0%| F|  |TAMS 0x0000000081e00000, 0x0000000081e00000| Untracked 
|  31|0x0000000081f00000, 0x0000000081f00000, 0x0000000082000000|  0%| F|  |TAMS 0x0000000081f00000, 0x0000000081f00000| Untracked 
|  32|0x0000000082000000, 0x0000000082000000, 0x0000000082100000|  0%| F|  |TAMS 0x0000000082000000, 0x0000000082000000| Untracked 
|  33|0x0000000082100000, 0x0000000082100000, 0x0000000082200000|  0%| F|  |TAMS 0x0000000082100000, 0x0000000082100000| Untracked 
|  34|0x0000000082200000, 0x0000000082200000, 0x0000000082300000|  0%| F|  |TAMS 0x0000000082200000, 0x0000000082200000| Untracked 
|  35|0x0000000082300000, 0x0000000082300000, 0x0000000082400000|  0%| F|  |TAMS 0x0000000082300000, 0x0000000082300000| Untracked 
|  36|0x0000000082400000, 0x0000000082400000, 0x0000000082500000|  0%| F|  |TAMS 0x0000000082400000, 0x0000000082400000| Untracked 
|  37|0x0000000082500000, 0x0000000082500000, 0x0000000082600000|  0%| F|  |TAMS 0x0000000082500000, 0x0000000082500000| Untracked 
|  38|0x0000000082600000, 0x0000000082600000, 0x0000000082700000|  0%| F|  |TAMS 0x0000000082600000, 0x0000000082600000| Untracked 
|  39|0x0000000082700000, 0x0000000082700000, 0x0000000082800000|  0%| F|  |TAMS 0x0000000082700000, 0x0000000082700000| Untracked 
|  40|0x0000000082800000, 0x0000000082800000, 0x0000000082900000|  0%| F|  |TAMS 0x0000000082800000, 0x0000000082800000| Untracked 
|  41|0x0000000082900000, 0x0000000082900000, 0x0000000082a00000|  0%| F|  |TAMS 0x0000000082900000, 0x0000000082900000| Untracked 
|  42|0x0000000082a00000, 0x0000000082a00000, 0x0000000082b00000|  0%| F|  |TAMS 0x0000000082a00000, 0x0000000082a00000| Untracked 
|  43|0x0000000082b00000, 0x0000000082b00000, 0x0000000082c00000|  0%| F|  |TAMS 0x0000000082b00000, 0x0000000082b00000| Untracked 
|  44|0x0000000082c00000, 0x0000000082c00000, 0x0000000082d00000|  0%| F|  |TAMS 0x0000000082c00000, 0x0000000082c00000| Untracked 
|  45|0x0000000082d00000, 0x0000000082d00000, 0x0000000082e00000|  0%| F|  |TAMS 0x0000000082d00000, 0x0000000082d00000| Untracked 
|  46|0x0000000082e00000, 0x0000000082e00000, 0x0000000082f00000|  0%| F|  |TAMS 0x0000000082e00000, 0x0000000082e00000| Untracked 
|  47|0x0000000082f00000, 0x0000000082f00000, 0x0000000083000000|  0%| F|  |TAMS 0x0000000082f00000, 0x0000000082f00000| Untracked 
|  48|0x0000000083000000, 0x0000000083000000, 0x0000000083100000|  0%| F|  |TAMS 0x0000000083000000, 0x0000000083000000| Untracked 
|  49|0x0000000083100000, 0x0000000083100000, 0x0000000083200000|  0%| F|  |TAMS 0x0000000083100000, 0x0000000083100000| Untracked 
|  50|0x0000000083200000, 0x0000000083200000, 0x0000000083300000|  0%| F|  |TAMS 0x0000000083200000, 0x0000000083200000| Untracked 
|  51|0x0000000083300000, 0x0000000083300000, 0x0000000083400000|  0%| F|  |TAMS 0x0000000083300000, 0x0000000083300000| Untracked 
|  52|0x0000000083400000, 0x0000000083400000, 0x0000000083500000|  0%| F|  |TAMS 0x0000000083400000, 0x0000000083400000| Untracked 
|  53|0x0000000083500000, 0x0000000083500000, 0x0000000083600000|  0%| F|  |TAMS 0x0000000083500000, 0x0000000083500000| Untracked 
|  54|0x0000000083600000, 0x0000000083600000, 0x0000000083700000|  0%| F|  |TAMS 0x0000000083600000, 0x0000000083600000| Untracked 
|  55|0x0000000083700000, 0x0000000083700000, 0x0000000083800000|  0%| F|  |TAMS 0x0000000083700000, 0x0000000083700000| Untracked 
|  56|0x0000000083800000, 0x0000000083800000, 0x0000000083900000|  0%| F|  |TAMS 0x0000000083800000, 0x0000000083800000| Untracked 
|  57|0x0000000083900000, 0x0000000083900000, 0x0000000083a00000|  0%| F|  |TAMS 0x0000000083900000, 0x0000000083900000| Untracked 
|  58|0x0000000083a00000, 0x0000000083a00000, 0x0000000083b00000|  0%| F|  |TAMS 0x0000000083a00000, 0x0000000083a00000| Untracked 
|  59|0x0000000083b00000, 0x0000000083b00000, 0x0000000083c00000|  0%| F|  |TAMS 0x0000000083b00000, 0x0000000083b00000| Untracked 
|  60|0x0000000083c00000, 0x0000000083c00000, 0x0000000083d00000|  0%| F|  |TAMS 0x0000000083c00000, 0x0000000083c00000| Untracked 
|  61|0x0000000083d00000, 0x0000000083d00000, 0x0000000083e00000|  0%| F|  |TAMS 0x0000000083d00000, 0x0000000083d00000| Untracked 
|  62|0x0000000083e00000, 0x0000000083e00000, 0x0000000083f00000|  0%| F|  |TAMS 0x0000000083e00000, 0x0000000083e00000| Untracked 
|  63|0x0000000083f00000, 0x0000000083f00000, 0x0000000084000000|  0%| F|  |TAMS 0x0000000083f00000, 0x0000000083f00000| Untracked 
|  64|0x0000000084000000, 0x0000000084000000, 0x0000000084100000|  0%| F|  |TAMS 0x0000000084000000, 0x0000000084000000| Untracked 
|  65|0x0000000084100000, 0x0000000084100000, 0x0000000084200000|  0%| F|  |TAMS 0x0000000084100000, 0x0000000084100000| Untracked 
|  66|0x0000000084200000, 0x0000000084200000, 0x0000000084300000|  0%| F|  |TAMS 0x0000000084200000, 0x0000000084200000| Untracked 
|  67|0x0000000084300000, 0x0000000084300000, 0x0000000084400000|  0%| F|  |TAMS 0x0000000084300000, 0x0000000084300000| Untracked 
|  68|0x0000000084400000, 0x0000000084400000, 0x0000000084500000|  0%| F|  |TAMS 0x0000000084400000, 0x0000000084400000| Untracked 
|  69|0x0000000084500000, 0x0000000084500000, 0x0000000084600000|  0%| F|  |TAMS 0x0000000084500000, 0x0000000084500000| Untracked 
|  70|0x0000000084600000, 0x0000000084600000, 0x0000000084700000|  0%| F|  |TAMS 0x0000000084600000, 0x0000000084600000| Untracked 
|  71|0x0000000084700000, 0x0000000084700000, 0x0000000084800000|  0%| F|  |TAMS 0x0000000084700000, 0x0000000084700000| Untracked 
|  72|0x0000000084800000, 0x0000000084800000, 0x0000000084900000|  0%| F|  |TAMS 0x0000000084800000, 0x0000000084800000| Untracked 
|  73|0x0000000084900000, 0x0000000084900000, 0x0000000084a00000|  0%| F|  |TAMS 0x0000000084900000, 0x0000000084900000| Untracked 
|  74|0x0000000084a00000, 0x0000000084a00000, 0x0000000084b00000|  0%| F|  |TAMS 0x0000000084a00000, 0x0000000084a00000| Untracked 
|  75|0x0000000084b00000, 0x0000000084b00000, 0x0000000084c00000|  0%| F|  |TAMS 0x0000000084b00000, 0x0000000084b00000| Untracked 
|  76|0x0000000084c00000, 0x0000000084c00000, 0x0000000084d00000|  0%| F|  |TAMS 0x0000000084c00000, 0x0000000084c00000| Untracked 
|  77|0x0000000084d00000, 0x0000000084d00000, 0x0000000084e00000|  0%| F|  |TAMS 0x0000000084d00000, 0x0000000084d00000| Untracked 
|  78|0x0000000084e00000, 0x0000000084e00000, 0x0000000084f00000|  0%| F|  |TAMS 0x0000000084e00000, 0x0000000084e00000| Untracked 
|  79|0x0000000084f00000, 0x0000000084f00000, 0x0000000085000000|  0%| F|  |TAMS 0x0000000084f00000, 0x0000000084f00000| Untracked 
|  80|0x0000000085000000, 0x0000000085000000, 0x0000000085100000|  0%| F|  |TAMS 0x0000000085000000, 0x0000000085000000| Untracked 
|  81|0x0000000085100000, 0x0000000085100000, 0x0000000085200000|  0%| F|  |TAMS 0x0000000085100000, 0x0000000085100000| Untracked 
|  82|0x0000000085200000, 0x0000000085200000, 0x0000000085300000|  0%| F|  |TAMS 0x0000000085200000, 0x0000000085200000| Untracked 
|  83|0x0000000085300000, 0x0000000085300000, 0x0000000085400000|  0%| F|  |TAMS 0x0000000085300000, 0x0000000085300000| Untracked 
|  84|0x0000000085400000, 0x0000000085400000, 0x0000000085500000|  0%| F|  |TAMS 0x0000000085400000, 0x0000000085400000| Untracked 
|  85|0x0000000085500000, 0x0000000085500000, 0x0000000085600000|  0%| F|  |TAMS 0x0000000085500000, 0x0000000085500000| Untracked 
|  86|0x0000000085600000, 0x0000000085600000, 0x0000000085700000|  0%| F|  |TAMS 0x0000000085600000, 0x0000000085600000| Untracked 
|  87|0x0000000085700000, 0x0000000085700000, 0x0000000085800000|  0%| F|  |TAMS 0x0000000085700000, 0x0000000085700000| Untracked 
|  88|0x0000000085800000, 0x0000000085800000, 0x0000000085900000|  0%| F|  |TAMS 0x0000000085800000, 0x0000000085800000| Untracked 
|  89|0x0000000085900000, 0x0000000085a00000, 0x0000000085a00000|100%| E|  |TAMS 0x0000000085900000, 0x0000000085900000| Complete 
|  90|0x0000000085a00000, 0x0000000085b00000, 0x0000000085b00000|100%| E|CS|TAMS 0x0000000085a00000, 0x0000000085a00000| Complete 
|  91|0x0000000085b00000, 0x0000000085c00000, 0x0000000085c00000|100%| E|CS|TAMS 0x0000000085b00000, 0x0000000085b00000| Complete 
|  92|0x0000000085c00000, 0x0000000085d00000, 0x0000000085d00000|100%| E|CS|TAMS 0x0000000085c00000, 0x0000000085c00000| Complete 
|  93|0x0000000085d00000, 0x0000000085e00000, 0x0000000085e00000|100%| E|CS|TAMS 0x0000000085d00000, 0x0000000085d00000| Complete 
|  94|0x0000000085e00000, 0x0000000085f00000, 0x0000000085f00000|100%| E|CS|TAMS 0x0000000085e00000, 0x0000000085e00000| Complete 
|  95|0x0000000085f00000, 0x0000000086000000, 0x0000000086000000|100%| E|CS|TAMS 0x0000000085f00000, 0x0000000085f00000| Complete 
|  96|0x0000000086000000, 0x0000000086100000, 0x0000000086100000|100%| E|CS|TAMS 0x0000000086000000, 0x0000000086000000| Complete 
|  97|0x0000000086100000, 0x0000000086200000, 0x0000000086200000|100%| E|CS|TAMS 0x0000000086100000, 0x0000000086100000| Complete 
|  98|0x0000000086200000, 0x0000000086300000, 0x0000000086300000|100%| E|CS|TAMS 0x0000000086200000, 0x0000000086200000| Complete 
|  99|0x0000000086300000, 0x0000000086400000, 0x0000000086400000|100%| E|CS|TAMS 0x0000000086300000, 0x0000000086300000| Complete 
| 100|0x0000000086400000, 0x0000000086500000, 0x0000000086500000|100%| E|CS|TAMS 0x0000000086400000, 0x0000000086400000| Complete 
| 101|0x0000000086500000, 0x0000000086600000, 0x0000000086600000|100%| E|CS|TAMS 0x0000000086500000, 0x0000000086500000| Complete 
| 102|0x0000000086600000, 0x0000000086700000, 0x0000000086700000|100%| E|CS|TAMS 0x0000000086600000, 0x0000000086600000| Complete 
| 103|0x0000000086700000, 0x0000000086800000, 0x0000000086800000|100%| E|CS|TAMS 0x0000000086700000, 0x0000000086700000| Complete 
| 104|0x0000000086800000, 0x0000000086900000, 0x0000000086900000|100%| E|CS|TAMS 0x0000000086800000, 0x0000000086800000| Complete 
| 105|0x0000000086900000, 0x0000000086a00000, 0x0000000086a00000|100%| E|CS|TAMS 0x0000000086900000, 0x0000000086900000| Complete 
| 106|0x0000000086a00000, 0x0000000086b00000, 0x0000000086b00000|100%| E|CS|TAMS 0x0000000086a00000, 0x0000000086a00000| Complete 
| 107|0x0000000086b00000, 0x0000000086c00000, 0x0000000086c00000|100%| E|CS|TAMS 0x0000000086b00000, 0x0000000086b00000| Complete 
| 108|0x0000000086c00000, 0x0000000086d00000, 0x0000000086d00000|100%| E|CS|TAMS 0x0000000086c00000, 0x0000000086c00000| Complete 
| 109|0x0000000086d00000, 0x0000000086e00000, 0x0000000086e00000|100%| E|CS|TAMS 0x0000000086d00000, 0x0000000086d00000| Complete 
| 110|0x0000000086e00000, 0x0000000086f00000, 0x0000000086f00000|100%| E|CS|TAMS 0x0000000086e00000, 0x0000000086e00000| Complete 
| 111|0x0000000086f00000, 0x0000000087000000, 0x0000000087000000|100%| E|CS|TAMS 0x0000000086f00000, 0x0000000086f00000| Complete 
| 112|0x0000000087000000, 0x0000000087100000, 0x0000000087100000|100%| E|CS|TAMS 0x0000000087000000, 0x0000000087000000| Complete 
| 113|0x0000000087100000, 0x0000000087200000, 0x0000000087200000|100%| E|CS|TAMS 0x0000000087100000, 0x0000000087100000| Complete 
| 114|0x0000000087200000, 0x0000000087300000, 0x0000000087300000|100%| E|CS|TAMS 0x0000000087200000, 0x0000000087200000| Complete 
| 115|0x0000000087300000, 0x0000000087400000, 0x0000000087400000|100%| E|CS|TAMS 0x0000000087300000, 0x0000000087300000| Complete 
| 116|0x0000000087400000, 0x000000008748f800, 0x0000000087500000| 56%| S|CS|TAMS 0x0000000087400000, 0x0000000087400000| Complete 
| 117|0x0000000087500000, 0x0000000087600000, 0x0000000087600000|100%| S|CS|TAMS 0x0000000087500000, 0x0000000087500000| Complete 
| 118|0x0000000087600000, 0x0000000087700000, 0x0000000087700000|100%| E|CS|TAMS 0x0000000087600000, 0x0000000087600000| Complete 
| 119|0x0000000087700000, 0x0000000087800000, 0x0000000087800000|100%| E|CS|TAMS 0x0000000087700000, 0x0000000087700000| Complete 
| 120|0x0000000087800000, 0x0000000087900000, 0x0000000087900000|100%| E|CS|TAMS 0x0000000087800000, 0x0000000087800000| Complete 
| 121|0x0000000087900000, 0x0000000087a00000, 0x0000000087a00000|100%| E|CS|TAMS 0x0000000087900000, 0x0000000087900000| Complete 
| 122|0x0000000087a00000, 0x0000000087b00000, 0x0000000087b00000|100%| E|CS|TAMS 0x0000000087a00000, 0x0000000087a00000| Complete 
| 123|0x0000000087b00000, 0x0000000087c00000, 0x0000000087c00000|100%| E|CS|TAMS 0x0000000087b00000, 0x0000000087b00000| Complete 
| 124|0x0000000087c00000, 0x0000000087d00000, 0x0000000087d00000|100%| E|CS|TAMS 0x0000000087c00000, 0x0000000087c00000| Complete 
| 125|0x0000000087d00000, 0x0000000087e00000, 0x0000000087e00000|100%| E|CS|TAMS 0x0000000087d00000, 0x0000000087d00000| Complete 
| 126|0x0000000087e00000, 0x0000000087f00000, 0x0000000087f00000|100%| E|CS|TAMS 0x0000000087e00000, 0x0000000087e00000| Complete 
| 127|0x0000000087f00000, 0x0000000088000000, 0x0000000088000000|100%| E|CS|TAMS 0x0000000087f00000, 0x0000000087f00000| Complete 

Card table byte_map: [0x00000198e98d0000,0x00000198e9cd0000] _byte_map_base: 0x00000198e94d0000

Marking Bits (Prev, Next): (CMBitMap*) 0x00000198d22cfa00, (CMBitMap*) 0x00000198d22cfa40
 Prev Bits: [0x00000198ea0d0000, 0x00000198ec0d0000)
 Next Bits: [0x00000198ec0d0000, 0x00000198ee0d0000)

Polling page: 0x00000198d0150000

Metaspace:

Usage:
  Non-class:     10.96 MB capacity,     9.44 MB ( 86%) used,     1.51 MB ( 14%) free+waste,    10.75 KB ( <1%) overhead. 
      Class:      1.49 MB capacity,     1.26 MB ( 85%) used,   225.95 KB ( 15%) free+waste,     4.62 KB ( <1%) overhead. 
       Both:     12.44 MB capacity,    10.70 MB ( 86%) used,     1.73 MB ( 14%) free+waste,    15.38 KB ( <1%) overhead. 

Virtual space:
  Non-class space:       12.00 MB reserved,      11.00 MB ( 92%) committed 
      Class space:        1.00 GB reserved,       1.50 MB ( <1%) committed 
             Both:        1.01 GB reserved,      12.50 MB (  1%) committed 

Chunk freelists:
   Non-Class:  2.00 KB
       Class:  11.00 KB
        Both:  13.00 KB

MaxMetaspaceSize: 17179869184.00 GB
CompressedClassSpaceSize: 1.00 GB

CodeHeap 'non-profiled nmethods': size=120064Kb used=658Kb max_used=658Kb free=119405Kb
 bounds [0x00000198e1f90000, 0x00000198e2200000, 0x00000198e94d0000]
CodeHeap 'profiled nmethods': size=120000Kb used=3788Kb max_used=3788Kb free=116211Kb
 bounds [0x00000198daa60000, 0x00000198dae20000, 0x00000198e1f90000]
CodeHeap 'non-nmethods': size=5696Kb used=1175Kb max_used=1190Kb free=4520Kb
 bounds [0x00000198da4d0000, 0x00000198da740000, 0x00000198daa60000]
 total_blobs=2396 nmethods=1963 adapters=345
 compilation: enabled
              stopped_count=0, restarted_count=0
 full_count=0

Compilation events (20 events):
Event: 2.245 Thread 0x00000198f03dc310 nmethod 1917 0x00000198dadf2810 code [0x00000198dadf29a0, 0x00000198dadf2a98]
Event: 2.245 Thread 0x00000198f03dc310 1918       3       com.google.inject.internal.ConstructionContext::removeCurrentReference (6 bytes)
Event: 2.245 Thread 0x00000198f03dc310 nmethod 1918 0x00000198dadf2b10 code [0x00000198dadf2ca0, 0x00000198dadf2db8]
Event: 2.245 Thread 0x00000198f03dc310 1919   !   3       com.google.inject.internal.FactoryProxy::get (56 bytes)
Event: 2.245 Thread 0x00000198f03dc310 nmethod 1919 0x00000198dadf2e90 code [0x00000198dadf3080, 0x00000198dadf3508]
Event: 2.246 Thread 0x00000198f03dc310 1920       3       com.google.common.collect.LinkedHashMultimap$ValueSet::contains (42 bytes)
Event: 2.246 Thread 0x00000198f03dc310 nmethod 1920 0x00000198dadf3810 code [0x00000198dadf3a20, 0x00000198dadf41a8]
Event: 2.246 Thread 0x00000198f03dc310 1921   !   3       com.google.inject.internal.MembersInjectorImpl::injectMembers (144 bytes)
Event: 2.247 Thread 0x00000198f03dc310 nmethod 1921 0x00000198dadf4490 code [0x00000198dadf4720, 0x00000198dadf5628]
Event: 2.247 Thread 0x00000198f03dc310 1923       3       org.eclipse.sisu.inject.RankedSequence::peek (23 bytes)
Event: 2.247 Thread 0x00000198f03dc310 nmethod 1923 0x00000198dadf5a90 code [0x00000198dadf5c40, 0x00000198dadf5ef8]
Event: 2.247 Thread 0x00000198f03dc310 1924       3       java.util.concurrent.atomic.AtomicReference::compareAndSet (10 bytes)
Event: 2.248 Thread 0x00000198f03dc310 nmethod 1924 0x00000198dadf6010 code [0x00000198dadf62a0, 0x00000198dadf6ff8]
Event: 2.248 Thread 0x00000198f03dc310 1925       3       java.lang.invoke.VarHandleGuards::guard_LLL_Z (80 bytes)
Event: 2.249 Thread 0x00000198f03dc310 nmethod 1925 0x00000198dadf7410 code [0x00000198dadf76c0, 0x00000198dadf8988]
Event: 2.249 Thread 0x00000198f03dc310 1927   !   3       com.google.inject.internal.MembersInjectorImpl::notifyListeners (62 bytes)
Event: 2.249 Thread 0x00000198f03dc310 nmethod 1927 0x00000198dadf8f90 code [0x00000198dadf91a0, 0x00000198dadf9858]
Event: 2.249 Thread 0x00000198f03dc310 1928   !   3       com.google.inject.internal.InternalFactoryToProviderAdapter::get (49 bytes)
Event: 2.249 Thread 0x00000198f03dc310 nmethod 1928 0x00000198dadf9b10 code [0x00000198dadf9ce0, 0x00000198dadfa098]
Event: 2.249 Thread 0x00000198f03dc310 1929   !   3       com.google.inject.internal.SingletonScope$1::get (425 bytes)

GC Heap History (6 events):
Event: 0.431 GC heap before
{Heap before GC invocations=0 (full 0):
 garbage-first heap   total 131072K, used 6144K [0x0000000080000000, 0x0000000100000000)
  region size 1024K, 6 young (6144K), 0 survivors (0K)
 Metaspace       used 2103K, capacity 5607K, committed 5760K, reserved 1056768K
  class space    used 173K, capacity 529K, committed 640K, reserved 1048576K
}
Event: 0.437 GC heap after
{Heap after GC invocations=1 (full 0):
 garbage-first heap   total 131072K, used 2142K [0x0000000080000000, 0x0000000100000000)
  region size 1024K, 1 young (1024K), 1 survivors (1024K)
 Metaspace       used 2103K, capacity 5607K, committed 5760K, reserved 1056768K
  class space    used 173K, capacity 529K, committed 640K, reserved 1048576K
}
Event: 0.696 GC heap before
{Heap before GC invocations=1 (full 0):
 garbage-first heap   total 131072K, used 6238K [0x0000000080000000, 0x0000000100000000)
  region size 1024K, 6 young (6144K), 1 survivors (1024K)
 Metaspace       used 3388K, capacity 6451K, committed 6656K, reserved 1056768K
  class space    used 337K, capacity 661K, committed 768K, reserved 1048576K
}
Event: 0.699 GC heap after
{Heap after GC invocations=2 (full 0):
 garbage-first heap   total 131072K, used 3070K [0x0000000080000000, 0x0000000100000000)
  region size 1024K, 1 young (1024K), 1 survivors (1024K)
 Metaspace       used 3388K, capacity 6451K, committed 6656K, reserved 1056768K
  class space    used 337K, capacity 661K, committed 768K, reserved 1048576K
}
Event: 0.975 GC heap before
{Heap before GC invocations=2 (full 0):
 garbage-first heap   total 131072K, used 12286K [0x0000000080000000, 0x0000000100000000)
  region size 1024K, 10 young (10240K), 1 survivors (1024K)
 Metaspace       used 5058K, capacity 7638K, committed 7808K, reserved 1056768K
  class space    used 574K, capacity 822K, committed 896K, reserved 1048576K
}
Event: 0.978 GC heap after
{Heap after GC invocations=3 (full 0):
 garbage-first heap   total 131072K, used 3644K [0x0000000080000000, 0x0000000100000000)
  region size 1024K, 2 young (2048K), 2 survivors (2048K)
 Metaspace       used 5058K, capacity 7638K, committed 7808K, reserved 1056768K
  class space    used 574K, capacity 822K, committed 896K, reserved 1048576K
}

Deoptimization events (20 events):
Event: 1.551 Thread 0x00000198d2291810 DEOPT PACKING pc=0x00000198e200c32c sp=0x00000050597f64c0
Event: 1.551 Thread 0x00000198d2291810 DEOPT UNPACKING pc=0x00000198da51e42f sp=0x00000050597f6448 mode 2
Event: 1.759 Thread 0x00000198d2291810 Uncommon trap: trap_request=0xffffffc6 fr.pc=0x00000198e1fe6c30 relative=0x0000000000000270
Event: 1.759 Thread 0x00000198d2291810 Uncommon trap: reason=bimorphic_or_optimized_type_check action=maybe_recompile pc=0x00000198e1fe6c30 method=java.util.HashMap.getNode(Ljava/lang/Object;)Ljava/util/HashMap$Node; @ 128 c2
Event: 1.760 Thread 0x00000198d2291810 DEOPT PACKING pc=0x00000198e1fe6c30 sp=0x00000050597fdef0
Event: 1.760 Thread 0x00000198d2291810 DEOPT UNPACKING pc=0x00000198da51e42f sp=0x00000050597fde58 mode 2
Event: 1.763 Thread 0x00000198d2291810 Uncommon trap: trap_request=0xffffffc6 fr.pc=0x00000198e1fe6c30 relative=0x0000000000000270
Event: 1.763 Thread 0x00000198d2291810 Uncommon trap: reason=bimorphic_or_optimized_type_check action=maybe_recompile pc=0x00000198e1fe6c30 method=java.util.HashMap.getNode(Ljava/lang/Object;)Ljava/util/HashMap$Node; @ 128 c2
Event: 1.763 Thread 0x00000198d2291810 DEOPT PACKING pc=0x00000198e1fe6c30 sp=0x00000050597fdef0
Event: 1.763 Thread 0x00000198d2291810 DEOPT UNPACKING pc=0x00000198da51e42f sp=0x00000050597fde58 mode 2
Event: 1.778 Thread 0x00000198d2291810 Uncommon trap: trap_request=0xffffffc6 fr.pc=0x00000198e1fe6c30 relative=0x0000000000000270
Event: 1.778 Thread 0x00000198d2291810 Uncommon trap: reason=bimorphic_or_optimized_type_check action=maybe_recompile pc=0x00000198e1fe6c30 method=java.util.HashMap.getNode(Ljava/lang/Object;)Ljava/util/HashMap$Node; @ 128 c2
Event: 1.778 Thread 0x00000198d2291810 DEOPT PACKING pc=0x00000198e1fe6c30 sp=0x00000050597fdef0
Event: 1.778 Thread 0x00000198d2291810 DEOPT UNPACKING pc=0x00000198da51e42f sp=0x00000050597fde58 mode 2
Event: 1.886 Thread 0x00000198d2291810 DEOPT PACKING pc=0x00000198dacfcb8c sp=0x00000050597fdcb0
Event: 1.886 Thread 0x00000198d2291810 DEOPT UNPACKING pc=0x00000198da51e23f sp=0x00000050597fd210 mode 0
Event: 2.176 Thread 0x00000198d2291810 Uncommon trap: trap_request=0xffffff45 fr.pc=0x00000198e1fad6dc relative=0x00000000000001bc
Event: 2.176 Thread 0x00000198d2291810 Uncommon trap: reason=unstable_if action=reinterpret pc=0x00000198e1fad6dc method=java.lang.String.startsWith(Ljava/lang/String;I)Z @ 1 c2
Event: 2.176 Thread 0x00000198d2291810 DEOPT PACKING pc=0x00000198e1fad6dc sp=0x00000050597f6f70
Event: 2.176 Thread 0x00000198d2291810 DEOPT UNPACKING pc=0x00000198da51e42f sp=0x00000050597f6ed8 mode 2

Classes unloaded (0 events):
No events

Classes redefined (0 events):
No events

Internal exceptions (8 events):
Event: 0.593 Thread 0x00000198d2291810 Exception <a 'java/lang/NoSuchMethodError'{0x0000000087c2ec30}: 'void java.lang.invoke.DirectMethodHandle$Holder.invokeSpecial(java.lang.Object, java.lang.Object, java.lang.Object)'> (0x0000000087c2ec30) 
thrown [./open/src/hotspot/share/interpreter/linkResolver.cpp, line 782]
Event: 0.804 Thread 0x00000198d2291810 Exception <a 'java/lang/NoSuchMethodError'{0x0000000087c56880}: 'java.lang.Object java.lang.invoke.DirectMethodHandle$Holder.newInvokeSpecial(java.lang.Object, java.lang.Object, java.lang.Object, java.lang.Object, java.lang.Object)'> (0x0000000087c56880) 
thrown [./open/src/hotspot/share/interpreter/linkResolver.cpp, line 782]
Event: 2.004 Thread 0x00000198d2291810 Exception <a 'java/lang/NoClassDefFoundError'{0x0000000085c53b10}: com/google/inject/servlet/ServletModuleTargetVisitor> (0x0000000085c53b10) 
thrown [./open/src/hotspot/share/classfile/systemDictionary.cpp, line 284]
Event: 2.004 Thread 0x00000198d2291810 Exception <a 'java/lang/NoClassDefFoundError'{0x0000000085c557a8}: javax/annotation/Priority> (0x0000000085c557a8) 
thrown [./open/src/hotspot/share/classfile/systemDictionary.cpp, line 284]
Event: 2.181 Thread 0x00000198d2291810 Exception <a 'java/lang/NoSuchMethodError'{0x0000000085a89708}: 'void java.lang.invoke.DirectMethodHandle$Holder.invokeStatic(java.lang.Object, java.lang.Object)'> (0x0000000085a89708) 
thrown [./open/src/hotspot/share/interpreter/linkResolver.cpp, line 782]
Event: 2.181 Thread 0x00000198d2291810 Exception <a 'java/lang/NoSuchMethodError'{0x0000000085a8e100}: 'void java.lang.invoke.DirectMethodHandle$Holder.invokeStaticInit(java.lang.Object, java.lang.Object)'> (0x0000000085a8e100) 
thrown [./open/src/hotspot/share/interpreter/linkResolver.cpp, line 782]
Event: 2.209 Thread 0x00000198d2291810 Exception <a 'java/lang/NoSuchMethodError'{0x0000000085ab6598}: 'java.lang.Object java.lang.invoke.DirectMethodHandle$Holder.invokeStatic(java.lang.Object)'> (0x0000000085ab6598) 
thrown [./open/src/hotspot/share/interpreter/linkResolver.cpp, line 782]
Event: 2.222 Thread 0x00000198d2291810 Exception <a 'java/lang/NoSuchMethodError'{0x0000000085ac1638}: 'java.lang.Object java.lang.invoke.DirectMethodHandle$Holder.invokeStaticInit(java.lang.Object, int, int, int, int)'> (0x0000000085ac1638) 
thrown [./open/src/hotspot/share/interpreter/linkResolver.cpp, line 782]

Events (20 events):
Event: 2.209 loading class sun/security/provider/DRBG
Event: 2.209 loading class java/security/SecureRandomSpi
Event: 2.209 loading class java/security/SecureRandomSpi done
Event: 2.209 loading class sun/security/provider/DRBG done
Event: 2.216 loading class java/security/DrbgParameters$Capability
Event: 2.216 loading class java/security/DrbgParameters$Capability done
Event: 2.216 loading class sun/security/provider/MoreDrbgParameters
Event: 2.216 loading class sun/security/provider/MoreDrbgParameters done
Event: 2.216 loading class java/security/DrbgParameters
Event: 2.218 loading class java/security/DrbgParameters done
Event: 2.218 loading class java/security/DrbgParameters$Instantiation
Event: 2.218 loading class java/security/DrbgParameters$Instantiation done
Event: 2.218 loading class sun/security/provider/HashDrbg
Event: 2.218 loading class sun/security/provider/AbstractHashDrbg
Event: 2.218 loading class sun/security/provider/AbstractDrbg
Event: 2.219 loading class sun/security/provider/AbstractDrbg done
Event: 2.220 loading class sun/security/provider/AbstractHashDrbg done
Event: 2.220 loading class sun/security/provider/HashDrbg done
Event: 2.221 loading class sun/security/provider/EntropySource
Event: 2.221 loading class sun/security/provider/EntropySource done


Dynamic libraries:
0x00007ff76ad70000 - 0x00007ff76ad7f000 	C:\Java\jdk-15.0.2\bin\java.exe
0x00007ffaa76d0000 - 0x00007ffaa78c5000 	C:\Windows\SYSTEM32\ntdll.dll
0x00007ffaa5730000 - 0x00007ffaa57ed000 	C:\Windows\System32\KERNEL32.DLL
0x00007ffaa5070000 - 0x00007ffaa5339000 	C:\Windows\System32\KERNELBASE.dll
0x00007ffaa4e10000 - 0x00007ffaa4f10000 	C:\Windows\System32\ucrtbase.dll
0x00007ffa9cd20000 - 0x00007ffa9cd38000 	C:\Java\jdk-15.0.2\bin\jli.dll
0x00007ffaa5920000 - 0x00007ffaa59cc000 	C:\Windows\System32\ADVAPI32.dll
0x00007ffaa6d00000 - 0x00007ffaa6d9e000 	C:\Windows\System32\msvcrt.dll
0x00007ffaa75c0000 - 0x00007ffaa765c000 	C:\Windows\System32\sechost.dll
0x00007ffaa57f0000 - 0x00007ffaa591b000 	C:\Windows\System32\RPCRT4.dll
0x00007ffaa6870000 - 0x00007ffaa6a10000 	C:\Windows\System32\USER32.dll
0x00007ffaa53c0000 - 0x00007ffaa53e2000 	C:\Windows\System32\win32u.dll
0x00007ffaa7660000 - 0x00007ffaa768a000 	C:\Windows\System32\GDI32.dll
0x00007ffaa54a0000 - 0x00007ffaa55ab000 	C:\Windows\System32\gdi32full.dll
0x00007ffaa5610000 - 0x00007ffaa56ad000 	C:\Windows\System32\msvcp_win.dll
0x00007ffa9b410000 - 0x00007ffa9b429000 	C:\Java\jdk-15.0.2\bin\VCRUNTIME140.dll
0x00007ffa9bf50000 - 0x00007ffa9c1ea000 	C:\Windows\WinSxS\amd64_microsoft.windows.common-controls_6595b64144ccf1df_6.0.19041.844_none_ca00b6081b84eb1d\COMCTL32.dll
0x00007ffa9e0a0000 - 0x00007ffa9e0aa000 	C:\Windows\SYSTEM32\VERSION.dll
0x00007ffaa62d0000 - 0x00007ffaa6300000 	C:\Windows\System32\IMM32.DLL
0x00007ffa9c1f0000 - 0x00007ffa9c1fc000 	C:\Java\jdk-15.0.2\bin\vcruntime140_1.dll
0x00007ffa90320000 - 0x00007ffa903b1000 	C:\Java\jdk-15.0.2\bin\msvcp140.dll
0x00007ffa8a150000 - 0x00007ffa8acae000 	C:\Java\jdk-15.0.2\bin\server\jvm.dll
0x00007ffaa6a80000 - 0x00007ffaa6a88000 	C:\Windows\System32\PSAPI.DLL
0x00007ffaa24c0000 - 0x00007ffaa24c9000 	C:\Windows\SYSTEM32\WSOCK32.dll
0x00007ffaa6300000 - 0x00007ffaa636b000 	C:\Windows\System32\WS2_32.dll
0x00007ffa945d0000 - 0x00007ffa945f7000 	C:\Windows\SYSTEM32\WINMM.dll
0x00007ffaa2d70000 - 0x00007ffaa2d82000 	C:\Windows\SYSTEM32\kernel.appcore.dll
0x00007ffa955a0000 - 0x00007ffa955aa000 	C:\Java\jdk-15.0.2\bin\jimage.dll
0x00007ffa99620000 - 0x00007ffa99804000 	C:\Windows\SYSTEM32\DBGHELP.DLL
0x00007ffa993b0000 - 0x00007ffa993dc000 	C:\Windows\SYSTEM32\dbgcore.DLL
0x00007ffaa5340000 - 0x00007ffaa53c0000 	C:\Windows\System32\bcryptPrimitives.dll
0x00007ffa929d0000 - 0x00007ffa929f5000 	C:\Java\jdk-15.0.2\bin\java.dll
0x00007ffaa6da0000 - 0x00007ffaa74e2000 	C:\Windows\System32\SHELL32.dll
0x00007ffaa2f70000 - 0x00007ffaa3700000 	C:\Windows\SYSTEM32\windows.storage.dll
0x00007ffaa59d0000 - 0x00007ffaa5d25000 	C:\Windows\System32\combase.dll
0x00007ffaa47b0000 - 0x00007ffaa47dc000 	C:\Windows\SYSTEM32\Wldp.dll
0x00007ffaa6160000 - 0x00007ffaa620e000 	C:\Windows\System32\SHCORE.dll
0x00007ffaa6af0000 - 0x00007ffaa6b45000 	C:\Windows\System32\shlwapi.dll
0x00007ffaa4d50000 - 0x00007ffaa4d6f000 	C:\Windows\SYSTEM32\profapi.dll
0x00007ffa95380000 - 0x00007ffa95399000 	C:\Java\jdk-15.0.2\bin\net.dll
0x00007ffa9d870000 - 0x00007ffa9d97c000 	C:\Windows\SYSTEM32\WINHTTP.dll
0x00007ffaa4530000 - 0x00007ffaa459a000 	C:\Windows\system32\mswsock.dll
0x00007ffa90830000 - 0x00007ffa90842000 	C:\Java\jdk-15.0.2\bin\nio.dll
0x00007ffa90710000 - 0x00007ffa90728000 	C:\Java\jdk-15.0.2\bin\zip.dll
0x00007ffa90820000 - 0x00007ffa90830000 	C:\Java\jdk-15.0.2\bin\verify.dll
0x00007ffa9cd10000 - 0x00007ffa9cd1a000 	C:\Java\netbeans\java\maven\lib\jansi-native\windows64\jansi.dll

dbghelp: loaded successfully - version: 4.0.5 - missing functions: none
symbol engine: initialized successfully - sym options: 0x614 - pdb path: .;C:\Java\jdk-15.0.2\bin;C:\Windows\SYSTEM32;C:\Windows\WinSxS\amd64_microsoft.windows.common-controls_6595b64144ccf1df_6.0.19041.844_none_ca00b6081b84eb1d;C:\Java\jdk-15.0.2\bin\server;C:\Java\netbeans\java\maven\lib\jansi-native\windows64

VM Arguments:
jvm_args: -Dclassworlds.conf=C:\Java\netbeans\java\maven\bin\..\bin\m2.conf -Dmaven.home=C:\Java\netbeans\java\maven\bin\.. -Dlibrary.jansi.path=C:\Java\netbeans\java\maven\bin\..\lib\jansi-native -Dmaven.multiModuleProjectDirectory=C:\Users\rchamac\Documents\NetBeansProjects\RCMt13 
java_command: org.codehaus.plexus.classworlds.launcher.Launcher -Dexec.args=-classpath %classpath com.mycompany.rcmt13.RCMt13e09 -Dexec.executable=C:\Java\jdk-15.0.2\bin\java.exe -Dmaven.ext.class.path=C:\Java\netbeans\java\maven-nblib\netbeans-eventspy.jar -Dfile.encoding=UTF-8 process-classes org.codehaus.mojo:exec-maven-plugin:3.0.0:exec
java_class_path (initial): C:\Java\netbeans\java\maven\bin\..\boot\plexus-classworlds-2.6.0.jar
Launcher Type: SUN_STANDARD

[Global flags]
     intx CICompilerCount                          = 2                                         {product} {ergonomic}
     uint ConcGCThreads                            = 1                                         {product} {ergonomic}
     uint G1ConcRefinementThreads                  = 3                                         {product} {ergonomic}
   size_t G1HeapRegionSize                         = 1048576                                   {product} {ergonomic}
    uintx GCDrainStackTargetSize                   = 64                                        {product} {ergonomic}
   size_t InitialHeapSize                          = 134217728                                 {product} {ergonomic}
   size_t MarkStackSize                            = 4194304                                   {product} {ergonomic}
   size_t MaxHeapSize                              = 2147483648                                {product} {ergonomic}
   size_t MaxNewSize                               = 1287651328                                {product} {ergonomic}
   size_t MinHeapDeltaBytes                        = 1048576                                   {product} {ergonomic}
   size_t MinHeapSize                              = 8388608                                   {product} {ergonomic}
    uintx NonNMethodCodeHeapSize                   = 5826188                                {pd product} {ergonomic}
    uintx NonProfiledCodeHeapSize                  = 122916026                              {pd product} {ergonomic}
    uintx ProfiledCodeHeapSize                     = 122916026                              {pd product} {ergonomic}
    uintx ReservedCodeCacheSize                    = 251658240                              {pd product} {ergonomic}
     bool SegmentedCodeCache                       = true                                      {product} {ergonomic}
   size_t SoftMaxHeapSize                          = 2147483648                             {manageable} {ergonomic}
     bool UseCompressedClassPointers               = true                                 {lp64_product} {ergonomic}
     bool UseCompressedOops                        = true                                 {lp64_product} {ergonomic}
     bool UseG1GC                                  = true                                      {product} {ergonomic}
     bool UseLargePagesIndividualAllocation        = false                                  {pd product} {ergonomic}

Logging:
Log output configuration:
 #0: stdout all=warning uptime,level,tags
 #1: stderr all=off uptime,level,tags

Environment Variables:
JAVA_HOME=C:\Java\jdk-15.0.2
PATH=C:\Windows\system32;C:\Windows;C:\Windows\System32\Wbem;C:\Windows\System32\WindowsPowerShell\v1.0\;C:\Windows\System32\OpenSSH\;C:\Program Files\Git\cmd;C:\Users\rchamac\AppData\Local\Microsoft\WindowsApps;;C:\Users\rchamac\AppData\Local\Programs\Microsoft VS Code\bin
USERNAME=rchamac
OS=Windows_NT
PROCESSOR_IDENTIFIER=Intel64 Family 6 Model 126 Stepping 5, GenuineIntel



---------------  S Y S T E M  ---------------

OS:
 Windows 10 , 64 bit Build 19041 (10.0.19041.804)
OS uptime: 0 days 0:19 hours

CPU: total 3 (initial active 3) (3 cores per cpu, 1 threads per core) family 6 model 126 stepping 5 microcode 0x0, cmov, cx8, fxsr, mmx, sse, sse2, sse3, ssse3, sse4.1, sse4.2, popcnt, vzeroupper, avx, avx2, aes, clmul, 3dnowpref, lzcnt, tsc, tscinvbit, clflush, clflushopt

Memory: 4k page, system-wide physical 8191M (1304M free)
TotalPageFile size 14521M (AvailPageFile size 6M)
current process WorkingSet (physical memory assigned to process): 108M, peak: 109M
current process commit charge ("private bytes"): 236M, peak: 237M

vm_info: Java HotSpot(TM) 64-Bit Server VM (15.0.2+7-27) for windows-amd64 JRE (15.0.2+7-27), built on Dec  7 2020 20:07:01 by "mach5one" with unknown MS VC++:1925

END.
