#
# There is insufficient memory for the Java Runtime Environment to continue.
# Native memory allocation (malloc) failed to allocate 130048 bytes for Chunk::new
# Possible reasons:
#   The system is out of physical RAM or swap space
#   The process is running with CompressedOops enabled, and the Java Heap may be blocking the growth of the native heap
# Possible solutions:
#   Reduce memory load on the system
#   Increase physical memory or swap space
#   Check if swap backing store is full
#   Decrease Java heap size (-Xmx/-Xms)
#   Decrease number of Java threads
#   Decrease Java thread stack sizes (-Xss)
#   Set larger code cache with -XX:ReservedCodeCacheSize=
#   JVM is running with Unscaled Compressed Oops mode in which the Java heap is
#     placed in the first 4GB address space. The Java Heap base address is the
#     maximum limit for the native heap growth. Please use -XX:HeapBaseMinAddress
#     to set the Java Heap base and to place the Java Heap above 4GB virtual address.
# This output file may be truncated or incomplete.
#
#  Out of Memory Error (./open/src/hotspot/share/memory/arena.cpp:195), pid=12096, tid=12136
#
# JRE version: Java(TM) SE Runtime Environment (15.0.2+7) (build 15.0.2+7-27)
# Java VM: Java HotSpot(TM) 64-Bit Server VM (15.0.2+7-27, mixed mode, sharing, tiered, compressed oops, g1 gc, windows-amd64)
# No core dump will be written. Minidumps are not enabled by default on client versions of Windows
#

---------------  S U M M A R Y ------------

Command Line: -Dclassworlds.conf=C:\Java\netbeans\java\maven\bin\..\bin\m2.conf -Dmaven.home=C:\Java\netbeans\java\maven\bin\.. -Dlibrary.jansi.path=C:\Java\netbeans\java\maven\bin\..\lib\jansi-native -Dmaven.multiModuleProjectDirectory=C:\Users\rchamac\Documents\NetBeansProjects\RCMt13 org.codehaus.plexus.classworlds.launcher.Launcher -Dexec.args=-classpath %classpath com.mycompany.rcmt13.RCMt13e09 -Dexec.executable=C:\Java\jdk-15.0.2\bin\java.exe -Dmaven.ext.class.path=C:\Java\netbeans\java\maven-nblib\netbeans-eventspy.jar -Dfile.encoding=UTF-8 process-classes org.codehaus.mojo:exec-maven-plugin:3.0.0:exec

Host: Intel(R) Core(TM) i5-1035G1 CPU @ 1.00GHz, 3 cores, 7G,  Windows 10 , 64 bit Build 19041 (10.0.19041.804)
Time: Mon Mar 29 18:02:24 2021 Hora de verano romance elapsed time: 0.436459 seconds (0d 0h 0m 0s)

---------------  T H R E A D  ---------------

Current thread (0x0000020740d16170):  JavaThread "C2 CompilerThread0" daemon [_thread_in_native, id=12136, stack(0x000000a570500000,0x000000a570600000)]


Current CompileTask:
C2:    436  665   !   4       java.util.zip.ZipFile$Source::getEntryPos (174 bytes)

Stack: [0x000000a570500000,0x000000a570600000]
Native frames: (J=compiled Java code, j=interpreted, Vv=VM code, C=native code)
V  [jvm.dll+0x62ae9a]
V  [jvm.dll+0x7817a9]
V  [jvm.dll+0x782f03]
V  [jvm.dll+0x783563]
V  [jvm.dll+0x216325]
V  [jvm.dll+0x97f3a]
V  [jvm.dll+0x9861c]
V  [jvm.dll+0x32e305]
V  [jvm.dll+0x2f768a]
V  [jvm.dll+0x2f6a4a]
V  [jvm.dll+0x1ea705]
V  [jvm.dll+0x1e996e]
V  [jvm.dll+0x178567]
V  [jvm.dll+0x1f9225]
V  [jvm.dll+0x1f72cc]
V  [jvm.dll+0x74495d]
V  [jvm.dll+0x73d75a]
V  [jvm.dll+0x629c56]
C  [ucrtbase.dll+0x21bb2]
C  [KERNEL32.DLL+0x17034]
C  [ntdll.dll+0x52651]


---------------  P R O C E S S  ---------------

Threads class SMR info:
_java_thread_list=0x0000020741b695a0, length=11, elements={
0x00000207456618a0, 0x0000020740cf4820, 0x0000020740cf53f0, 0x0000020740d10760,
0x0000020740d14140, 0x0000020740d15390, 0x0000020740d16170, 0x0000020740d1d420,
0x0000020740d1c610, 0x0000020741b660b0, 0x0000020741b6c8b0
}

Java Threads: ( => current thread )
  0x00000207456618a0 JavaThread "main" [_thread_in_Java, id=12112, stack(0x000000a56f900000,0x000000a56fa00000)]
  0x0000020740cf4820 JavaThread "Reference Handler" daemon [_thread_blocked, id=12164, stack(0x000000a570000000,0x000000a570100000)]
  0x0000020740cf53f0 JavaThread "Finalizer" daemon [_thread_blocked, id=12168, stack(0x000000a570100000,0x000000a570200000)]
  0x0000020740d10760 JavaThread "Signal Dispatcher" daemon [_thread_blocked, id=12200, stack(0x000000a570200000,0x000000a570300000)]
  0x0000020740d14140 JavaThread "Attach Listener" daemon [_thread_blocked, id=12204, stack(0x000000a570300000,0x000000a570400000)]
  0x0000020740d15390 JavaThread "Service Thread" daemon [_thread_blocked, id=12208, stack(0x000000a570400000,0x000000a570500000)]
=>0x0000020740d16170 JavaThread "C2 CompilerThread0" daemon [_thread_in_native, id=12136, stack(0x000000a570500000,0x000000a570600000)]
  0x0000020740d1d420 JavaThread "C1 CompilerThread0" daemon [_thread_blocked, id=12144, stack(0x000000a570600000,0x000000a570700000)]
  0x0000020740d1c610 JavaThread "Sweeper thread" daemon [_thread_blocked, id=12140, stack(0x000000a570700000,0x000000a570800000)]
  0x0000020741b660b0 JavaThread "Notification Thread" daemon [_thread_blocked, id=12152, stack(0x000000a570800000,0x000000a570900000)]
  0x0000020741b6c8b0 JavaThread "Common-Cleaner" daemon [_thread_blocked, id=12192, stack(0x000000a570a00000,0x000000a570b00000)]

Other Threads:
  0x0000020740cf3810 VMThread "VM Thread" [stack: 0x000000a56ff00000,0x000000a570000000] [id=11420]
  0x0000020741b68590 WatcherThread [stack: 0x000000a570900000,0x000000a570a00000] [id=12188]
  0x000002074569f2a0 GCTaskThread "GC Thread#0" [stack: 0x000000a56fa00000,0x000000a56fb00000] [id=12072]
  0x0000020742099a00 GCTaskThread "GC Thread#1" [stack: 0x000000a570b00000,0x000000a570c00000] [id=12156]
  0x000002074209ad20 GCTaskThread "GC Thread#2" [stack: 0x000000a570c00000,0x000000a570d00000] [id=12148]
  0x00000207456b0570 ConcurrentGCThread "G1 Main Marker" [stack: 0x000000a56fb00000,0x000000a56fc00000] [id=11552]
  0x00000207456b2170 ConcurrentGCThread "G1 Conc#0" [stack: 0x000000a56fc00000,0x000000a56fd00000] [id=11384]
  0x0000020745724940 ConcurrentGCThread "G1 Refine#0" [stack: 0x000000a56fd00000,0x000000a56fe00000] [id=11548]
  0x00000207457263f0 ConcurrentGCThread "G1 Young RemSet Sampling" [stack: 0x000000a56fe00000,0x000000a56ff00000] [id=11424]

Threads with active compile tasks:
C2 CompilerThread0      445  665   !   4       java.util.zip.ZipFile$Source::getEntryPos (174 bytes)

VM state: not at safepoint (normal execution)

VM Mutex/Monitor currently owned by a thread: None

Heap address: 0x0000000080000000, size: 2048 MB, Compressed Oops mode: 32-bit
CDS archive(s) mapped at: [0x0000020700000000-0x0000020700b50000-0x0000020700b50000), size 11862016, SharedBaseAddress: 0x0000020700000000, ArchiveRelocationMode: 0.
Compressed class space mapped at: 0x0000020700b50000-0x0000020740b50000, size: 1073741824
Narrow klass base: 0x0000020700000000, Narrow klass shift: 3, Narrow klass range: 0x100000000

GC Precious Log:
 CPUs: 3 total, 3 available
 Memory: 8191M
 Large Page Support: Disabled
 NUMA Support: Disabled
 Compressed Oops: Enabled (32-bit)
 Heap Region Size: 1M
 Heap Min Capacity: 8M
 Heap Initial Capacity: 128M
 Heap Max Capacity: 2G
 Pre-touch: Disabled
 Parallel Workers: 3
 Concurrent Workers: 1
 Concurrent Refinement Workers: 3
 Periodic GC: Disabled

Heap:
 garbage-first heap   total 131072K, used 5084K [0x0000000080000000, 0x0000000100000000)
  region size 1024K, 4 young (4096K), 1 survivors (1024K)
 Metaspace       used 3906K, capacity 4291K, committed 4352K, reserved 1064960K
  class space    used 410K, capacity 725K, committed 768K, reserved 1048576K

Heap Regions: E=young(eden), S=young(survivor), O=old, HS=humongous(starts), HC=humongous(continues), CS=collection set, F=free, OA=open archive, CA=closed archive, TAMS=top-at-mark-start (previous, next)
|   0|0x0000000080000000, 0x0000000080100000, 0x0000000080100000|100%| O|  |TAMS 0x0000000080000000, 0x0000000080000000| Untracked 
|   1|0x0000000080100000, 0x00000000801f7000, 0x0000000080200000| 96%| O|  |TAMS 0x0000000080100000, 0x0000000080100000| Untracked 
|   2|0x0000000080200000, 0x0000000080200000, 0x0000000080300000|  0%| F|  |TAMS 0x0000000080200000, 0x0000000080200000| Untracked 
|   3|0x0000000080300000, 0x0000000080300000, 0x0000000080400000|  0%| F|  |TAMS 0x0000000080300000, 0x0000000080300000| Untracked 
|   4|0x0000000080400000, 0x0000000080400000, 0x0000000080500000|  0%| F|  |TAMS 0x0000000080400000, 0x0000000080400000| Untracked 
|   5|0x0000000080500000, 0x0000000080500000, 0x0000000080600000|  0%| F|  |TAMS 0x0000000080500000, 0x0000000080500000| Untracked 
|   6|0x0000000080600000, 0x0000000080600000, 0x0000000080700000|  0%| F|  |TAMS 0x0000000080600000, 0x0000000080600000| Untracked 
|   7|0x0000000080700000, 0x0000000080700000, 0x0000000080800000|  0%| F|  |TAMS 0x0000000080700000, 0x0000000080700000| Untracked 
|   8|0x0000000080800000, 0x0000000080800000, 0x0000000080900000|  0%| F|  |TAMS 0x0000000080800000, 0x0000000080800000| Untracked 
|   9|0x0000000080900000, 0x0000000080900000, 0x0000000080a00000|  0%| F|  |TAMS 0x0000000080900000, 0x0000000080900000| Untracked 
|  10|0x0000000080a00000, 0x0000000080a00000, 0x0000000080b00000|  0%| F|  |TAMS 0x0000000080a00000, 0x0000000080a00000| Untracked 
|  11|0x0000000080b00000, 0x0000000080b00000, 0x0000000080c00000|  0%| F|  |TAMS 0x0000000080b00000, 0x0000000080b00000| Untracked 
|  12|0x0000000080c00000, 0x0000000080c00000, 0x0000000080d00000|  0%| F|  |TAMS 0x0000000080c00000, 0x0000000080c00000| Untracked 
|  13|0x0000000080d00000, 0x0000000080d00000, 0x0000000080e00000|  0%| F|  |TAMS 0x0000000080d00000, 0x0000000080d00000| Untracked 
|  14|0x0000000080e00000, 0x0000000080e00000, 0x0000000080f00000|  0%| F|  |TAMS 0x0000000080e00000, 0x0000000080e00000| Untracked 
|  15|0x0000000080f00000, 0x0000000080f00000, 0x0000000081000000|  0%| F|  |TAMS 0x0000000080f00000, 0x0000000080f00000| Untracked 
|  16|0x0000000081000000, 0x0000000081000000, 0x0000000081100000|  0%| F|  |TAMS 0x0000000081000000, 0x0000000081000000| Untracked 
|  17|0x0000000081100000, 0x0000000081100000, 0x0000000081200000|  0%| F|  |TAMS 0x0000000081100000, 0x0000000081100000| Untracked 
|  18|0x0000000081200000, 0x0000000081200000, 0x0000000081300000|  0%| F|  |TAMS 0x0000000081200000, 0x0000000081200000| Untracked 
|  19|0x0000000081300000, 0x0000000081300000, 0x0000000081400000|  0%| F|  |TAMS 0x0000000081300000, 0x0000000081300000| Untracked 
|  20|0x0000000081400000, 0x0000000081400000, 0x0000000081500000|  0%| F|  |TAMS 0x0000000081400000, 0x0000000081400000| Untracked 
|  21|0x0000000081500000, 0x0000000081500000, 0x0000000081600000|  0%| F|  |TAMS 0x0000000081500000, 0x0000000081500000| Untracked 
|  22|0x0000000081600000, 0x0000000081600000, 0x0000000081700000|  0%| F|  |TAMS 0x0000000081600000, 0x0000000081600000| Untracked 
|  23|0x0000000081700000, 0x0000000081700000, 0x0000000081800000|  0%| F|  |TAMS 0x0000000081700000, 0x0000000081700000| Untracked 
|  24|0x0000000081800000, 0x0000000081800000, 0x0000000081900000|  0%| F|  |TAMS 0x0000000081800000, 0x0000000081800000| Untracked 
|  25|0x0000000081900000, 0x0000000081900000, 0x0000000081a00000|  0%| F|  |TAMS 0x0000000081900000, 0x0000000081900000| Untracked 
|  26|0x0000000081a00000, 0x0000000081a00000, 0x0000000081b00000|  0%| F|  |TAMS 0x0000000081a00000, 0x0000000081a00000| Untracked 
|  27|0x0000000081b00000, 0x0000000081b00000, 0x0000000081c00000|  0%| F|  |TAMS 0x0000000081b00000, 0x0000000081b00000| Untracked 
|  28|0x0000000081c00000, 0x0000000081c00000, 0x0000000081d00000|  0%| F|  |TAMS 0x0000000081c00000, 0x0000000081c00000| Untracked 
|  29|0x0000000081d00000, 0x0000000081d00000, 0x0000000081e00000|  0%| F|  |TAMS 0x0000000081d00000, 0x0000000081d00000| Untracked 
|  30|0x0000000081e00000, 0x0000000081e00000, 0x0000000081f00000|  0%| F|  |TAMS 0x0000000081e00000, 0x0000000081e00000| Untracked 
|  31|0x0000000081f00000, 0x0000000081f00000, 0x0000000082000000|  0%| F|  |TAMS 0x0000000081f00000, 0x0000000081f00000| Untracked 
|  32|0x0000000082000000, 0x0000000082000000, 0x0000000082100000|  0%| F|  |TAMS 0x0000000082000000, 0x0000000082000000| Untracked 
|  33|0x0000000082100000, 0x0000000082100000, 0x0000000082200000|  0%| F|  |TAMS 0x0000000082100000, 0x0000000082100000| Untracked 
|  34|0x0000000082200000, 0x0000000082200000, 0x0000000082300000|  0%| F|  |TAMS 0x0000000082200000, 0x0000000082200000| Untracked 
|  35|0x0000000082300000, 0x0000000082300000, 0x0000000082400000|  0%| F|  |TAMS 0x0000000082300000, 0x0000000082300000| Untracked 
|  36|0x0000000082400000, 0x0000000082400000, 0x0000000082500000|  0%| F|  |TAMS 0x0000000082400000, 0x0000000082400000| Untracked 
|  37|0x0000000082500000, 0x0000000082500000, 0x0000000082600000|  0%| F|  |TAMS 0x0000000082500000, 0x0000000082500000| Untracked 
|  38|0x0000000082600000, 0x0000000082600000, 0x0000000082700000|  0%| F|  |TAMS 0x0000000082600000, 0x0000000082600000| Untracked 
|  39|0x0000000082700000, 0x0000000082700000, 0x0000000082800000|  0%| F|  |TAMS 0x0000000082700000, 0x0000000082700000| Untracked 
|  40|0x0000000082800000, 0x0000000082800000, 0x0000000082900000|  0%| F|  |TAMS 0x0000000082800000, 0x0000000082800000| Untracked 
|  41|0x0000000082900000, 0x0000000082900000, 0x0000000082a00000|  0%| F|  |TAMS 0x0000000082900000, 0x0000000082900000| Untracked 
|  42|0x0000000082a00000, 0x0000000082a00000, 0x0000000082b00000|  0%| F|  |TAMS 0x0000000082a00000, 0x0000000082a00000| Untracked 
|  43|0x0000000082b00000, 0x0000000082b00000, 0x0000000082c00000|  0%| F|  |TAMS 0x0000000082b00000, 0x0000000082b00000| Untracked 
|  44|0x0000000082c00000, 0x0000000082c00000, 0x0000000082d00000|  0%| F|  |TAMS 0x0000000082c00000, 0x0000000082c00000| Untracked 
|  45|0x0000000082d00000, 0x0000000082d00000, 0x0000000082e00000|  0%| F|  |TAMS 0x0000000082d00000, 0x0000000082d00000| Untracked 
|  46|0x0000000082e00000, 0x0000000082e00000, 0x0000000082f00000|  0%| F|  |TAMS 0x0000000082e00000, 0x0000000082e00000| Untracked 
|  47|0x0000000082f00000, 0x0000000082f00000, 0x0000000083000000|  0%| F|  |TAMS 0x0000000082f00000, 0x0000000082f00000| Untracked 
|  48|0x0000000083000000, 0x0000000083000000, 0x0000000083100000|  0%| F|  |TAMS 0x0000000083000000, 0x0000000083000000| Untracked 
|  49|0x0000000083100000, 0x0000000083100000, 0x0000000083200000|  0%| F|  |TAMS 0x0000000083100000, 0x0000000083100000| Untracked 
|  50|0x0000000083200000, 0x0000000083200000, 0x0000000083300000|  0%| F|  |TAMS 0x0000000083200000, 0x0000000083200000| Untracked 
|  51|0x0000000083300000, 0x0000000083300000, 0x0000000083400000|  0%| F|  |TAMS 0x0000000083300000, 0x0000000083300000| Untracked 
|  52|0x0000000083400000, 0x0000000083400000, 0x0000000083500000|  0%| F|  |TAMS 0x0000000083400000, 0x0000000083400000| Untracked 
|  53|0x0000000083500000, 0x0000000083500000, 0x0000000083600000|  0%| F|  |TAMS 0x0000000083500000, 0x0000000083500000| Untracked 
|  54|0x0000000083600000, 0x0000000083600000, 0x0000000083700000|  0%| F|  |TAMS 0x0000000083600000, 0x0000000083600000| Untracked 
|  55|0x0000000083700000, 0x0000000083700000, 0x0000000083800000|  0%| F|  |TAMS 0x0000000083700000, 0x0000000083700000| Untracked 
|  56|0x0000000083800000, 0x0000000083800000, 0x0000000083900000|  0%| F|  |TAMS 0x0000000083800000, 0x0000000083800000| Untracked 
|  57|0x0000000083900000, 0x0000000083900000, 0x0000000083a00000|  0%| F|  |TAMS 0x0000000083900000, 0x0000000083900000| Untracked 
|  58|0x0000000083a00000, 0x0000000083a00000, 0x0000000083b00000|  0%| F|  |TAMS 0x0000000083a00000, 0x0000000083a00000| Untracked 
|  59|0x0000000083b00000, 0x0000000083b00000, 0x0000000083c00000|  0%| F|  |TAMS 0x0000000083b00000, 0x0000000083b00000| Untracked 
|  60|0x0000000083c00000, 0x0000000083c00000, 0x0000000083d00000|  0%| F|  |TAMS 0x0000000083c00000, 0x0000000083c00000| Untracked 
|  61|0x0000000083d00000, 0x0000000083d00000, 0x0000000083e00000|  0%| F|  |TAMS 0x0000000083d00000, 0x0000000083d00000| Untracked 
|  62|0x0000000083e00000, 0x0000000083e00000, 0x0000000083f00000|  0%| F|  |TAMS 0x0000000083e00000, 0x0000000083e00000| Untracked 
|  63|0x0000000083f00000, 0x0000000083f00000, 0x0000000084000000|  0%| F|  |TAMS 0x0000000083f00000, 0x0000000083f00000| Untracked 
|  64|0x0000000084000000, 0x0000000084000000, 0x0000000084100000|  0%| F|  |TAMS 0x0000000084000000, 0x0000000084000000| Untracked 
|  65|0x0000000084100000, 0x0000000084100000, 0x0000000084200000|  0%| F|  |TAMS 0x0000000084100000, 0x0000000084100000| Untracked 
|  66|0x0000000084200000, 0x0000000084200000, 0x0000000084300000|  0%| F|  |TAMS 0x0000000084200000, 0x0000000084200000| Untracked 
|  67|0x0000000084300000, 0x0000000084300000, 0x0000000084400000|  0%| F|  |TAMS 0x0000000084300000, 0x0000000084300000| Untracked 
|  68|0x0000000084400000, 0x0000000084400000, 0x0000000084500000|  0%| F|  |TAMS 0x0000000084400000, 0x0000000084400000| Untracked 
|  69|0x0000000084500000, 0x0000000084500000, 0x0000000084600000|  0%| F|  |TAMS 0x0000000084500000, 0x0000000084500000| Untracked 
|  70|0x0000000084600000, 0x0000000084600000, 0x0000000084700000|  0%| F|  |TAMS 0x0000000084600000, 0x0000000084600000| Untracked 
|  71|0x0000000084700000, 0x0000000084700000, 0x0000000084800000|  0%| F|  |TAMS 0x0000000084700000, 0x0000000084700000| Untracked 
|  72|0x0000000084800000, 0x0000000084800000, 0x0000000084900000|  0%| F|  |TAMS 0x0000000084800000, 0x0000000084800000| Untracked 
|  73|0x0000000084900000, 0x0000000084900000, 0x0000000084a00000|  0%| F|  |TAMS 0x0000000084900000, 0x0000000084900000| Untracked 
|  74|0x0000000084a00000, 0x0000000084a00000, 0x0000000084b00000|  0%| F|  |TAMS 0x0000000084a00000, 0x0000000084a00000| Untracked 
|  75|0x0000000084b00000, 0x0000000084b00000, 0x0000000084c00000|  0%| F|  |TAMS 0x0000000084b00000, 0x0000000084b00000| Untracked 
|  76|0x0000000084c00000, 0x0000000084c00000, 0x0000000084d00000|  0%| F|  |TAMS 0x0000000084c00000, 0x0000000084c00000| Untracked 
|  77|0x0000000084d00000, 0x0000000084d00000, 0x0000000084e00000|  0%| F|  |TAMS 0x0000000084d00000, 0x0000000084d00000| Untracked 
|  78|0x0000000084e00000, 0x0000000084e00000, 0x0000000084f00000|  0%| F|  |TAMS 0x0000000084e00000, 0x0000000084e00000| Untracked 
|  79|0x0000000084f00000, 0x0000000084f00000, 0x0000000085000000|  0%| F|  |TAMS 0x0000000084f00000, 0x0000000084f00000| Untracked 
|  80|0x0000000085000000, 0x0000000085000000, 0x0000000085100000|  0%| F|  |TAMS 0x0000000085000000, 0x0000000085000000| Untracked 
|  81|0x0000000085100000, 0x0000000085100000, 0x0000000085200000|  0%| F|  |TAMS 0x0000000085100000, 0x0000000085100000| Untracked 
|  82|0x0000000085200000, 0x0000000085200000, 0x0000000085300000|  0%| F|  |TAMS 0x0000000085200000, 0x0000000085200000| Untracked 
|  83|0x0000000085300000, 0x0000000085300000, 0x0000000085400000|  0%| F|  |TAMS 0x0000000085300000, 0x0000000085300000| Untracked 
|  84|0x0000000085400000, 0x0000000085400000, 0x0000000085500000|  0%| F|  |TAMS 0x0000000085400000, 0x0000000085400000| Untracked 
|  85|0x0000000085500000, 0x0000000085500000, 0x0000000085600000|  0%| F|  |TAMS 0x0000000085500000, 0x0000000085500000| Untracked 
|  86|0x0000000085600000, 0x0000000085600000, 0x0000000085700000|  0%| F|  |TAMS 0x0000000085600000, 0x0000000085600000| Untracked 
|  87|0x0000000085700000, 0x0000000085700000, 0x0000000085800000|  0%| F|  |TAMS 0x0000000085700000, 0x0000000085700000| Untracked 
|  88|0x0000000085800000, 0x0000000085800000, 0x0000000085900000|  0%| F|  |TAMS 0x0000000085800000, 0x0000000085800000| Untracked 
|  89|0x0000000085900000, 0x0000000085900000, 0x0000000085a00000|  0%| F|  |TAMS 0x0000000085900000, 0x0000000085900000| Untracked 
|  90|0x0000000085a00000, 0x0000000085a00000, 0x0000000085b00000|  0%| F|  |TAMS 0x0000000085a00000, 0x0000000085a00000| Untracked 
|  91|0x0000000085b00000, 0x0000000085b00000, 0x0000000085c00000|  0%| F|  |TAMS 0x0000000085b00000, 0x0000000085b00000| Untracked 
|  92|0x0000000085c00000, 0x0000000085c00000, 0x0000000085d00000|  0%| F|  |TAMS 0x0000000085c00000, 0x0000000085c00000| Untracked 
|  93|0x0000000085d00000, 0x0000000085d00000, 0x0000000085e00000|  0%| F|  |TAMS 0x0000000085d00000, 0x0000000085d00000| Untracked 
|  94|0x0000000085e00000, 0x0000000085e00000, 0x0000000085f00000|  0%| F|  |TAMS 0x0000000085e00000, 0x0000000085e00000| Untracked 
|  95|0x0000000085f00000, 0x0000000085f00000, 0x0000000086000000|  0%| F|  |TAMS 0x0000000085f00000, 0x0000000085f00000| Untracked 
|  96|0x0000000086000000, 0x0000000086000000, 0x0000000086100000|  0%| F|  |TAMS 0x0000000086000000, 0x0000000086000000| Untracked 
|  97|0x0000000086100000, 0x0000000086100000, 0x0000000086200000|  0%| F|  |TAMS 0x0000000086100000, 0x0000000086100000| Untracked 
|  98|0x0000000086200000, 0x0000000086200000, 0x0000000086300000|  0%| F|  |TAMS 0x0000000086200000, 0x0000000086200000| Untracked 
|  99|0x0000000086300000, 0x0000000086300000, 0x0000000086400000|  0%| F|  |TAMS 0x0000000086300000, 0x0000000086300000| Untracked 
| 100|0x0000000086400000, 0x0000000086400000, 0x0000000086500000|  0%| F|  |TAMS 0x0000000086400000, 0x0000000086400000| Untracked 
| 101|0x0000000086500000, 0x0000000086500000, 0x0000000086600000|  0%| F|  |TAMS 0x0000000086500000, 0x0000000086500000| Untracked 
| 102|0x0000000086600000, 0x0000000086600000, 0x0000000086700000|  0%| F|  |TAMS 0x0000000086600000, 0x0000000086600000| Untracked 
| 103|0x0000000086700000, 0x0000000086700000, 0x0000000086800000|  0%| F|  |TAMS 0x0000000086700000, 0x0000000086700000| Untracked 
| 104|0x0000000086800000, 0x0000000086800000, 0x0000000086900000|  0%| F|  |TAMS 0x0000000086800000, 0x0000000086800000| Untracked 
| 105|0x0000000086900000, 0x0000000086900000, 0x0000000086a00000|  0%| F|  |TAMS 0x0000000086900000, 0x0000000086900000| Untracked 
| 106|0x0000000086a00000, 0x0000000086a00000, 0x0000000086b00000|  0%| F|  |TAMS 0x0000000086a00000, 0x0000000086a00000| Untracked 
| 107|0x0000000086b00000, 0x0000000086b00000, 0x0000000086c00000|  0%| F|  |TAMS 0x0000000086b00000, 0x0000000086b00000| Untracked 
| 108|0x0000000086c00000, 0x0000000086c00000, 0x0000000086d00000|  0%| F|  |TAMS 0x0000000086c00000, 0x0000000086c00000| Untracked 
| 109|0x0000000086d00000, 0x0000000086d00000, 0x0000000086e00000|  0%| F|  |TAMS 0x0000000086d00000, 0x0000000086d00000| Untracked 
| 110|0x0000000086e00000, 0x0000000086e00000, 0x0000000086f00000|  0%| F|  |TAMS 0x0000000086e00000, 0x0000000086e00000| Untracked 
| 111|0x0000000086f00000, 0x0000000086f00000, 0x0000000087000000|  0%| F|  |TAMS 0x0000000086f00000, 0x0000000086f00000| Untracked 
| 112|0x0000000087000000, 0x0000000087000000, 0x0000000087100000|  0%| F|  |TAMS 0x0000000087000000, 0x0000000087000000| Untracked 
| 113|0x0000000087100000, 0x0000000087100000, 0x0000000087200000|  0%| F|  |TAMS 0x0000000087100000, 0x0000000087100000| Untracked 
| 114|0x0000000087200000, 0x0000000087200000, 0x0000000087300000|  0%| F|  |TAMS 0x0000000087200000, 0x0000000087200000| Untracked 
| 115|0x0000000087300000, 0x0000000087300000, 0x0000000087400000|  0%| F|  |TAMS 0x0000000087300000, 0x0000000087300000| Untracked 
| 116|0x0000000087400000, 0x0000000087400000, 0x0000000087500000|  0%| F|  |TAMS 0x0000000087400000, 0x0000000087400000| Untracked 
| 117|0x0000000087500000, 0x0000000087500000, 0x0000000087600000|  0%| F|  |TAMS 0x0000000087500000, 0x0000000087500000| Untracked 
| 118|0x0000000087600000, 0x0000000087600000, 0x0000000087700000|  0%| F|  |TAMS 0x0000000087600000, 0x0000000087600000| Untracked 
| 119|0x0000000087700000, 0x0000000087700000, 0x0000000087800000|  0%| F|  |TAMS 0x0000000087700000, 0x0000000087700000| Untracked 
| 120|0x0000000087800000, 0x0000000087800000, 0x0000000087900000|  0%| F|  |TAMS 0x0000000087800000, 0x0000000087800000| Untracked 
| 121|0x0000000087900000, 0x0000000087900000, 0x0000000087a00000|  0%| F|  |TAMS 0x0000000087900000, 0x0000000087900000| Untracked 
| 122|0x0000000087a00000, 0x0000000087b00000, 0x0000000087b00000|100%| S|CS|TAMS 0x0000000087a00000, 0x0000000087a00000| Complete 
| 123|0x0000000087b00000, 0x0000000087b00000, 0x0000000087c00000|  0%| F|  |TAMS 0x0000000087b00000, 0x0000000087b00000| Untracked 
| 124|0x0000000087c00000, 0x0000000087c00000, 0x0000000087d00000|  0%| F|  |TAMS 0x0000000087c00000, 0x0000000087c00000| Untracked 
| 125|0x0000000087d00000, 0x0000000087d5b520, 0x0000000087e00000| 35%| E|  |TAMS 0x0000000087d00000, 0x0000000087d00000| Complete 
| 126|0x0000000087e00000, 0x0000000087f00000, 0x0000000087f00000|100%| E|CS|TAMS 0x0000000087e00000, 0x0000000087e00000| Complete 
| 127|0x0000000087f00000, 0x0000000088000000, 0x0000000088000000|100%| E|CS|TAMS 0x0000000087f00000, 0x0000000087f00000| Complete 

Card table byte_map: [0x000002075cca0000,0x000002075d0a0000] _byte_map_base: 0x000002075c8a0000

Marking Bits (Prev, Next): (CMBitMap*) 0x000002074569fb10, (CMBitMap*) 0x000002074569fb50
 Prev Bits: [0x000002075d4a0000, 0x000002075f4a0000)
 Next Bits: [0x000002075f4a0000, 0x00000207614a0000)

Polling page: 0x0000020743450000

Metaspace:

Usage:
  Non-class:      3.48 MB capacity,     3.44 MB ( 99%) used,    36.84 KB (  1%) free+waste,     4.44 KB ( <1%) overhead. 
      Class:    725.00 KB capacity,   418.15 KB ( 58%) used,   305.41 KB ( 42%) free+waste,     1.44 KB ( <1%) overhead. 
       Both:      4.19 MB capacity,     3.85 MB ( 92%) used,   342.25 KB (  8%) free+waste,     5.88 KB ( <1%) overhead. 

Virtual space:
  Non-class space:       16.00 MB reserved,       3.50 MB ( 22%) committed 
      Class space:        1.00 GB reserved,     768.00 KB ( <1%) committed 
             Both:        1.02 GB reserved,       4.25 MB ( <1%) committed 

Chunk freelists:
   Non-Class:  18.00 KB
       Class:  11.00 KB
        Both:  29.00 KB

MaxMetaspaceSize: 17179869184.00 GB
CompressedClassSpaceSize: 1.00 GB

CodeHeap 'non-profiled nmethods': size=120064Kb used=204Kb max_used=204Kb free=119859Kb
 bounds [0x0000020755360000, 0x00000207555d0000, 0x000002075c8a0000]
CodeHeap 'profiled nmethods': size=120000Kb used=1370Kb max_used=1370Kb free=118629Kb
 bounds [0x000002074de30000, 0x000002074e0a0000, 0x0000020755360000]
CodeHeap 'non-nmethods': size=5696Kb used=1157Kb max_used=1176Kb free=4538Kb
 bounds [0x000002074d8a0000, 0x000002074db10000, 0x000002074de30000]
 total_blobs=1123 nmethods=715 adapters=321
 compilation: enabled
              stopped_count=0, restarted_count=0
 full_count=0

Compilation events (20 events):
Event: 0.427 Thread 0x0000020740d1d420  706       3       java.util.TreeMap::getFirstEntry (26 bytes)
Event: 0.427 Thread 0x0000020740d1d420 nmethod 706 0x000002074df7e810 code [0x000002074df7e9c0, 0x000002074df7ebb8]
Event: 0.427 Thread 0x0000020740d1d420  707       3       java.util.TreeMap$KeyIterator::<init> (12 bytes)
Event: 0.427 Thread 0x0000020740d1d420 nmethod 707 0x000002074df7ec90 code [0x000002074df7ee40, 0x000002074df7f158]
Event: 0.429 Thread 0x0000020740d1d420  708       3       org.codehaus.plexus.classworlds.strategy.SelfFirstStrategy::loadClass (50 bytes)
Event: 0.429 Thread 0x0000020740d1d420 nmethod 708 0x000002074df7f290 code [0x000002074df7f4c0, 0x000002074df7fc18]
Event: 0.429 Thread 0x0000020740d1d420  709   !   3       org.codehaus.plexus.classworlds.realm.ClassRealm::loadClassFromImport (21 bytes)
Event: 0.430 Thread 0x0000020740d1d420 nmethod 709 0x000002074df7ff10 code [0x000002074df800c0, 0x000002074df80358]
Event: 0.430 Thread 0x0000020740d1d420  710   !   3       org.codehaus.plexus.classworlds.realm.ClassRealm::loadClassFromSelf (40 bytes)
Event: 0.430 Thread 0x0000020740d1d420 nmethod 710 0x000002074df80490 code [0x000002074df80680, 0x000002074df80b18]
Event: 0.430 Thread 0x0000020740d1d420  711       3       org.codehaus.plexus.classworlds.realm.ClassRealm::getClassRealmLoadingLock (14 bytes)
Event: 0.430 Thread 0x0000020740d1d420 nmethod 711 0x000002074df80d90 code [0x000002074df80f40, 0x000002074df81088]
Event: 0.430 Thread 0x0000020740d1d420  712   !   3       java.net.URLClassLoader::findClass (47 bytes)
Event: 0.430 Thread 0x0000020740d1d420 nmethod 712 0x000002074df81110 code [0x000002074df81300, 0x000002074df81968]
Event: 0.430 Thread 0x0000020740d1d420  713   !   3       java.net.URLClassLoader::defineClass (224 bytes)
Event: 0.431 Thread 0x0000020740d1d420 nmethod 713 0x000002074df81b90 code [0x000002074df81fa0, 0x000002074df83c78]
Event: 0.431 Thread 0x0000020740d1d420  714       3       java.security.SecureClassLoader$CodeSourceKey::equals (56 bytes)
Event: 0.431 Thread 0x0000020740d1d420 nmethod 714 0x000002074df84610 code [0x000002074df84800, 0x000002074df84e38]
Event: 0.431 Thread 0x0000020740d1d420  715       3       java.security.CodeSource::matchCerts (254 bytes)
Event: 0.432 Thread 0x0000020740d1d420 nmethod 715 0x000002074df85010 code [0x000002074df85240, 0x000002074df85cf8]

GC Heap History (4 events):
Event: 0.266 GC heap before
{Heap before GC invocations=0 (full 0):
 garbage-first heap   total 131072K, used 6144K [0x0000000080000000, 0x0000000100000000)
  region size 1024K, 6 young (6144K), 0 survivors (0K)
 Metaspace       used 2110K, capacity 2551K, committed 2688K, reserved 1060864K
  class space    used 173K, capacity 529K, committed 640K, reserved 1048576K
}
Event: 0.269 GC heap after
{Heap after GC invocations=1 (full 0):
 garbage-first heap   total 131072K, used 2020K [0x0000000080000000, 0x0000000100000000)
  region size 1024K, 1 young (1024K), 1 survivors (1024K)
 Metaspace       used 2110K, capacity 2551K, committed 2688K, reserved 1060864K
  class space    used 173K, capacity 529K, committed 640K, reserved 1048576K
}
Event: 0.399 GC heap before
{Heap before GC invocations=1 (full 0):
 garbage-first heap   total 131072K, used 7140K [0x0000000080000000, 0x0000000100000000)
  region size 1024K, 6 young (6144K), 1 survivors (1024K)
 Metaspace       used 3360K, capacity 3715K, committed 3840K, reserved 1060864K
  class space    used 337K, capacity 661K, committed 768K, reserved 1048576K
}
Event: 0.402 GC heap after
{Heap after GC invocations=2 (full 0):
 garbage-first heap   total 131072K, used 3036K [0x0000000080000000, 0x0000000100000000)
  region size 1024K, 1 young (1024K), 1 survivors (1024K)
 Metaspace       used 3360K, capacity 3715K, committed 3840K, reserved 1060864K
  class space    used 337K, capacity 661K, committed 768K, reserved 1048576K
}

Deoptimization events (12 events):
Event: 0.149 Thread 0x00000207456618a0 Uncommon trap: trap_request=0xffffff45 fr.pc=0x000002075536c5e0 relative=0x0000000000000060
Event: 0.149 Thread 0x00000207456618a0 Uncommon trap: reason=unstable_if action=reinterpret pc=0x000002075536c5e0 method=java.io.WinNTFileSystem.isSlash(C)Z @ 9 c2
Event: 0.149 Thread 0x00000207456618a0 DEOPT PACKING pc=0x000002075536c5e0 sp=0x000000a56f9fe500
Event: 0.149 Thread 0x00000207456618a0 DEOPT UNPACKING pc=0x000002074d8ee42f sp=0x000000a56f9fe488 mode 2
Event: 0.154 Thread 0x00000207456618a0 Uncommon trap: trap_request=0xffffff45 fr.pc=0x000002075536453c relative=0x000000000000021c
Event: 0.154 Thread 0x00000207456618a0 Uncommon trap: reason=unstable_if action=reinterpret pc=0x000002075536453c method=java.lang.String.hashCode()I @ 13 c2
Event: 0.154 Thread 0x00000207456618a0 DEOPT PACKING pc=0x000002075536453c sp=0x000000a56f9fc4b0
Event: 0.154 Thread 0x00000207456618a0 DEOPT UNPACKING pc=0x000002074d8ee42f sp=0x000000a56f9fc448 mode 2
Event: 0.310 Thread 0x00000207456618a0 Uncommon trap: trap_request=0xffffff45 fr.pc=0x0000020755372820 relative=0x0000000000000400
Event: 0.310 Thread 0x00000207456618a0 Uncommon trap: reason=unstable_if action=reinterpret pc=0x0000020755372820 method=java.lang.StringLatin1.canEncode(I)Z @ 4 c2
Event: 0.310 Thread 0x00000207456618a0 DEOPT PACKING pc=0x0000020755372820 sp=0x000000a56f9fdcf0
Event: 0.310 Thread 0x00000207456618a0 DEOPT UNPACKING pc=0x000002074d8ee42f sp=0x000000a56f9fdc18 mode 2

Classes unloaded (0 events):
No events

Classes redefined (0 events):
No events

Internal exceptions (1 events):
Event: 0.364 Thread 0x00000207456618a0 Exception <a 'java/lang/NoSuchMethodError'{0x0000000087c2f8e8}: 'void java.lang.invoke.DirectMethodHandle$Holder.invokeSpecial(java.lang.Object, java.lang.Object, java.lang.Object)'> (0x0000000087c2f8e8) 
thrown [./open/src/hotspot/share/interpreter/linkResolver.cpp, line 782]

Events (20 events):
Event: 0.360 loading class java/lang/invoke/BoundMethodHandle$Species_LL done
Event: 0.377 loading class java/util/NoSuchElementException
Event: 0.378 loading class java/util/NoSuchElementException done
Event: 0.396 Loaded shared library C:\Java\jdk-15.0.2\bin\zip.dll
Event: 0.399 Executing VM operation: G1CollectForAllocation
Event: 0.402 Executing VM operation: G1CollectForAllocation done
Event: 0.402 Executing VM operation: HandshakeAllThreads
Event: 0.402 Executing VM operation: HandshakeAllThreads done
Event: 0.414 loading class java/lang/InterruptedException
Event: 0.414 loading class java/lang/InterruptedException done
Event: 0.414 loading class java/util/concurrent/ExecutionException
Event: 0.414 loading class java/util/concurrent/ExecutionException done
Event: 0.419 loading class java/util/concurrent/ConcurrentLinkedQueue
Event: 0.419 loading class java/util/concurrent/ConcurrentLinkedQueue done
Event: 0.419 loading class java/util/concurrent/ConcurrentLinkedQueue$Node
Event: 0.419 loading class java/util/concurrent/ConcurrentLinkedQueue$Node done
Event: 0.422 Executing VM operation: CollectForMetadataAllocation
Event: 0.423 Executing VM operation: CollectForMetadataAllocation done
Event: 0.424 loading class java/util/concurrent/atomic/AtomicReferenceArray
Event: 0.424 loading class java/util/concurrent/atomic/AtomicReferenceArray done


Dynamic libraries:
0x00007ff7a4590000 - 0x00007ff7a459f000 	C:\Java\jdk-15.0.2\bin\java.exe
0x00007ffde6e30000 - 0x00007ffde7025000 	C:\Windows\SYSTEM32\ntdll.dll
0x00007ffde4f30000 - 0x00007ffde4fed000 	C:\Windows\System32\KERNEL32.DLL
0x00007ffde4670000 - 0x00007ffde4939000 	C:\Windows\System32\KERNELBASE.dll
0x00007ffde4940000 - 0x00007ffde4a40000 	C:\Windows\System32\ucrtbase.dll
0x00007ffdde710000 - 0x00007ffdde728000 	C:\Java\jdk-15.0.2\bin\jli.dll
0x00007ffde6a10000 - 0x00007ffde6abc000 	C:\Windows\System32\ADVAPI32.dll
0x00007ffde5280000 - 0x00007ffde531e000 	C:\Windows\System32\msvcrt.dll
0x00007ffde4e90000 - 0x00007ffde4f2c000 	C:\Windows\System32\sechost.dll
0x00007ffde6470000 - 0x00007ffde659b000 	C:\Windows\System32\RPCRT4.dll
0x00007ffde6270000 - 0x00007ffde6410000 	C:\Windows\System32\USER32.dll
0x00007ffde4a40000 - 0x00007ffde4a62000 	C:\Windows\System32\win32u.dll
0x00007ffde6dc0000 - 0x00007ffde6dea000 	C:\Windows\System32\GDI32.dll
0x00007ffde4d20000 - 0x00007ffde4e2b000 	C:\Windows\System32\gdi32full.dll
0x00007ffde4a70000 - 0x00007ffde4b0d000 	C:\Windows\System32\msvcp_win.dll
0x00007ffde1c60000 - 0x00007ffde1c79000 	C:\Java\jdk-15.0.2\bin\VCRUNTIME140.dll
0x00007ffddb5c0000 - 0x00007ffddb85a000 	C:\Windows\WinSxS\amd64_microsoft.windows.common-controls_6595b64144ccf1df_6.0.19041.844_none_ca00b6081b84eb1d\COMCTL32.dll
0x00007ffddd700000 - 0x00007ffddd70a000 	C:\Windows\SYSTEM32\VERSION.dll
0x00007ffde6c30000 - 0x00007ffde6c60000 	C:\Windows\System32\IMM32.DLL
0x00007ffde1c50000 - 0x00007ffde1c5c000 	C:\Java\jdk-15.0.2\bin\vcruntime140_1.dll
0x00007ffdd1b70000 - 0x00007ffdd1c01000 	C:\Java\jdk-15.0.2\bin\msvcp140.dll
0x00007ffdb9980000 - 0x00007ffdba4de000 	C:\Java\jdk-15.0.2\bin\server\jvm.dll
0x00007ffde6c60000 - 0x00007ffde6c68000 	C:\Windows\System32\PSAPI.DLL
0x00007ffde1c80000 - 0x00007ffde1c89000 	C:\Windows\SYSTEM32\WSOCK32.dll
0x00007ffde6200000 - 0x00007ffde626b000 	C:\Windows\System32\WS2_32.dll
0x00007ffdd1f20000 - 0x00007ffdd1f47000 	C:\Windows\SYSTEM32\WINMM.dll
0x00007ffde24d0000 - 0x00007ffde24e2000 	C:\Windows\SYSTEM32\kernel.appcore.dll
0x00007ffde0310000 - 0x00007ffde031a000 	C:\Java\jdk-15.0.2\bin\jimage.dll
0x00007ffdd83e0000 - 0x00007ffdd85c4000 	C:\Windows\SYSTEM32\DBGHELP.DLL
0x00007ffdd83b0000 - 0x00007ffdd83dc000 	C:\Windows\SYSTEM32\dbgcore.DLL
0x00007ffde4570000 - 0x00007ffde45f0000 	C:\Windows\System32\bcryptPrimitives.dll
0x00007ffde1c20000 - 0x00007ffde1c45000 	C:\Java\jdk-15.0.2\bin\java.dll
0x00007ffde5ab0000 - 0x00007ffde61f2000 	C:\Windows\System32\SHELL32.dll
0x00007ffde26d0000 - 0x00007ffde2e60000 	C:\Windows\SYSTEM32\windows.storage.dll
0x00007ffde56a0000 - 0x00007ffde59f5000 	C:\Windows\System32\combase.dll
0x00007ffde3f10000 - 0x00007ffde3f3c000 	C:\Windows\SYSTEM32\Wldp.dll
0x00007ffde5a00000 - 0x00007ffde5aae000 	C:\Windows\System32\SHCORE.dll
0x00007ffde6b70000 - 0x00007ffde6bc5000 	C:\Windows\System32\shlwapi.dll
0x00007ffde44b0000 - 0x00007ffde44cf000 	C:\Windows\SYSTEM32\profapi.dll
0x00007ffde02f0000 - 0x00007ffde0309000 	C:\Java\jdk-15.0.2\bin\net.dll
0x00007ffddd000000 - 0x00007ffddd10c000 	C:\Windows\SYSTEM32\WINHTTP.dll
0x00007ffde3c90000 - 0x00007ffde3cfa000 	C:\Windows\system32\mswsock.dll
0x00007ffdda8a0000 - 0x00007ffdda8b2000 	C:\Java\jdk-15.0.2\bin\nio.dll
0x00007ffdda880000 - 0x00007ffdda898000 	C:\Java\jdk-15.0.2\bin\zip.dll
0x00007ffddb3e0000 - 0x00007ffddb3f0000 	C:\Java\jdk-15.0.2\bin\verify.dll
0x00007ffddfff0000 - 0x00007ffddfffa000 	C:\Java\netbeans\java\maven\lib\jansi-native\windows64\jansi.dll

dbghelp: loaded successfully - version: 4.0.5 - missing functions: none
symbol engine: initialized successfully - sym options: 0x614 - pdb path: .;C:\Java\jdk-15.0.2\bin;C:\Windows\SYSTEM32;C:\Windows\WinSxS\amd64_microsoft.windows.common-controls_6595b64144ccf1df_6.0.19041.844_none_ca00b6081b84eb1d;C:\Java\jdk-15.0.2\bin\server;C:\Java\netbeans\java\maven\lib\jansi-native\windows64

VM Arguments:
jvm_args: -Dclassworlds.conf=C:\Java\netbeans\java\maven\bin\..\bin\m2.conf -Dmaven.home=C:\Java\netbeans\java\maven\bin\.. -Dlibrary.jansi.path=C:\Java\netbeans\java\maven\bin\..\lib\jansi-native -Dmaven.multiModuleProjectDirectory=C:\Users\rchamac\Documents\NetBeansProjects\RCMt13 
java_command: org.codehaus.plexus.classworlds.launcher.Launcher -Dexec.args=-classpath %classpath com.mycompany.rcmt13.RCMt13e09 -Dexec.executable=C:\Java\jdk-15.0.2\bin\java.exe -Dmaven.ext.class.path=C:\Java\netbeans\java\maven-nblib\netbeans-eventspy.jar -Dfile.encoding=UTF-8 process-classes org.codehaus.mojo:exec-maven-plugin:3.0.0:exec
java_class_path (initial): C:\Java\netbeans\java\maven\bin\..\boot\plexus-classworlds-2.6.0.jar
Launcher Type: SUN_STANDARD

[Global flags]
     intx CICompilerCount                          = 2                                         {product} {ergonomic}
     uint ConcGCThreads                            = 1                                         {product} {ergonomic}
     uint G1ConcRefinementThreads                  = 3                                         {product} {ergonomic}
   size_t G1HeapRegionSize                         = 1048576                                   {product} {ergonomic}
    uintx GCDrainStackTargetSize                   = 64                                        {product} {ergonomic}
   size_t InitialHeapSize                          = 134217728                                 {product} {ergonomic}
   size_t MarkStackSize                            = 4194304                                   {product} {ergonomic}
   size_t MaxHeapSize                              = 2147483648                                {product} {ergonomic}
   size_t MaxNewSize                               = 1287651328                                {product} {ergonomic}
   size_t MinHeapDeltaBytes                        = 1048576                                   {product} {ergonomic}
   size_t MinHeapSize                              = 8388608                                   {product} {ergonomic}
    uintx NonNMethodCodeHeapSize                   = 5826188                                {pd product} {ergonomic}
    uintx NonProfiledCodeHeapSize                  = 122916026                              {pd product} {ergonomic}
    uintx ProfiledCodeHeapSize                     = 122916026                              {pd product} {ergonomic}
    uintx ReservedCodeCacheSize                    = 251658240                              {pd product} {ergonomic}
     bool SegmentedCodeCache                       = true                                      {product} {ergonomic}
   size_t SoftMaxHeapSize                          = 2147483648                             {manageable} {ergonomic}
     bool UseCompressedClassPointers               = true                                 {lp64_product} {ergonomic}
     bool UseCompressedOops                        = true                                 {lp64_product} {ergonomic}
     bool UseG1GC                                  = true                                      {product} {ergonomic}
     bool UseLargePagesIndividualAllocation        = false                                  {pd product} {ergonomic}

Logging:
Log output configuration:
 #0: stdout all=warning uptime,level,tags
 #1: stderr all=off uptime,level,tags

Environment Variables:
JAVA_HOME=C:\Java\jdk-15.0.2
PATH=C:\Windows\system32;C:\Windows;C:\Windows\System32\Wbem;C:\Windows\System32\WindowsPowerShell\v1.0\;C:\Windows\System32\OpenSSH\;C:\Program Files\Git\cmd;C:\Users\rchamac\AppData\Local\Microsoft\WindowsApps;;C:\Users\rchamac\AppData\Local\Programs\Microsoft VS Code\bin
USERNAME=rchamac
OS=Windows_NT
PROCESSOR_IDENTIFIER=Intel64 Family 6 Model 126 Stepping 5, GenuineIntel



---------------  S Y S T E M  ---------------

OS:
 Windows 10 , 64 bit Build 19041 (10.0.19041.804)
OS uptime: 0 days 0:26 hours

CPU: total 3 (initial active 3) (3 cores per cpu, 1 threads per core) family 6 model 126 stepping 5 microcode 0x0, cmov, cx8, fxsr, mmx, sse, sse2, sse3, ssse3, sse4.1, sse4.2, popcnt, vzeroupper, avx, avx2, aes, clmul, 3dnowpref, lzcnt, tsc, tscinvbit, clflush, clflushopt

Memory: 4k page, system-wide physical 8191M (1252M free)
TotalPageFile size 14521M (AvailPageFile size 5M)
current process WorkingSet (physical memory assigned to process): 55M, peak: 55M
current process commit charge ("private bytes"): 212M, peak: 212M

vm_info: Java HotSpot(TM) 64-Bit Server VM (15.0.2+7-27) for windows-amd64 JRE (15.0.2+7-27), built on Dec  7 2020 20:07:01 by "mach5one" with unknown MS VC++:1925

END.
