#
# A fatal error has been detected by the Java Runtime Environment:
#
#  EXCEPTION_ACCESS_VIOLATION (0xc0000005) at pc=0x00007ffde0311c1d, pid=12144, tid=8500
#
# JRE version:  (15.0.2+7) (build )
# Java VM: Java HotSpot(TM) 64-Bit Server VM (15.0.2+7-27, mixed mode, sharing, tiered, unknown gc, windows-amd64)
# Problematic frame:
# C  [jimage.dll+0x1c1d]
#
# No core dump will be written. Minidumps are not enabled by default on client versions of Windows
#
#

---------------  S U M M A R Y ------------

Command Line: 

Host: Intel(R) Core(TM) i5-1035G1 CPU @ 1.00GHz, 3 cores, 7G,  Windows 10 , 64 bit Build 19041 (10.0.19041.804)
Time: Mon Mar 29 18:03:32 2021 Hora de verano romance elapsed time: 0.050586 seconds (0d 0h 0m 0s)

---------------  T H R E A D  ---------------

Current thread is native thread

Stack: [0x00000010ec900000,0x00000010eca00000],  sp=0x00000010ec9fdca0,  free space=1015k
Native frames: (J=compiled Java code, j=interpreted, Vv=VM code, C=native code)
C  [jimage.dll+0x1c1d]


siginfo: EXCEPTION_ACCESS_VIOLATION (0xc0000005), reading address 0x000000000001c55c


Registers:
RAX=0x0000000000007150, RBX=0x00000010ec9fdd91, RCX=0x00007ffde0316000, RDX=0x0000000000007150
RSP=0x00000010ec9fdca0, RBP=0x00000010ec9fdd90, RSI=0x0000000000007e57, RDI=0x00000010ec9fdd90
R8 =0x00007ffde0314298, R9 =0x000000000000001c, R10=0x00007ffdba1ec600, R11=0x00007ffde0316000
R12=0x0000000000000000, R13=0x000001e081b81f50, R14=0x00000010ec9fee00, R15=0x00007ffdba1ec6d0
RIP=0x00007ffde0311c1d, EFLAGS=0x0000000000010246

Top of Stack: (sp=0x00000010ec9fdca0)
0x00000010ec9fdca0:   0000000081b80101 00007ffde6e8f700
0x00000010ec9fdcb0:   0000000000000011 000001e081b7c050
0x00000010ec9fdcc0:   000001e081b79d80 00007ffde0311dab
0x00000010ec9fdcd0:   000000000000000b 000001e081b79d80
0x00000010ec9fdce0:   0000000000000011 0000000000000000
0x00000010ec9fdcf0:   00000010ec9fdd04 000001e081c90d80
0x00000010ec9fdd00:   0000000000000000 0000000000000000
0x00000010ec9fdd10:   0000000000000000 000001e081b83590
0x00000010ec9fdd20:   0000000000180016 000001e081b869c8
0x00000010ec9fdd30:   0000ea5e462d7195 000001e081b75854
0x00000010ec9fdd40:   00007ffdba1c9268 0000000000000017
0x00000010ec9fdd50:   000001e081b79d80 00000010ec9fee00
0x00000010ec9fdd60:   000000000000000b 00007ffde0312689
0x00000010ec9fdd70:   0045005400530059 0000000000000011
0x00000010ec9fdd80:   0048004700420044 002e005003000003
0x00000010ec9fdd90:   61622e6176616a2f 692f6b646a2f6573 

Instructions: (pc=0x00007ffde0311c1d)
0x00007ffde0311b1d:   d2 44 8d 42 40 e9 35 20 00 00 cc 40 53 48 83 ec
0x00007ffde0311b2d:   20 48 8b d9 48 8b 49 48 48 85 c9 74 1d 80 3d cf
0x00007ffde0311b3d:   44 00 00 00 74 06 48 8b 53 18 eb 04 48 8b 53 40
0x00007ffde0311b4d:   e8 96 0e 00 00 48 83 63 48 00 8b 4b 0c 83 f9 ff
0x00007ffde0311b5d:   74 09 e8 cc 0c 00 00 83 4b 0c ff 48 83 c4 20 5b
0x00007ffde0311b6d:   c3 cc cc 40 53 48 83 ec 20 48 8b d9 48 8d 0d b0
0x00007ffde0311b7d:   46 00 00 e8 b3 0c 00 00 83 6b 08 01 75 24 48 8b
0x00007ffde0311b8d:   d3 48 8d 0d 83 44 00 00 e8 22 08 00 00 48 8b cb
0x00007ffde0311b9d:   e8 aa fe ff ff ba 78 00 00 00 48 8b cb e8 b1 0e
0x00007ffde0311bad:   00 00 48 8d 0d 7a 46 00 00 48 83 c4 20 5b e9 80
0x00007ffde0311bbd:   0c 00 00 48 89 5c 24 08 48 89 74 24 10 57 48 83
0x00007ffde0311bcd:   ec 20 41 8b f1 4d 8b c8 48 8b fa 4c 8b d9 4d 85
0x00007ffde0311bdd:   c0 74 78 85 f6 74 74 44 8a 12 48 8d 5a 01 48 8b
0x00007ffde0311bed:   d3 b8 93 01 00 01 eb 12 69 c0 93 01 00 01 41 0f
0x00007ffde0311bfd:   b6 ca 44 8a 12 33 c1 48 ff c2 45 84 d2 75 e9 4d
0x00007ffde0311c0d:   8b 03 0f ba f0 1f 33 d2 49 8b cb f7 f6 48 63 c2
0x00007ffde0311c1d:   41 8b 14 81 41 ff 50 08 85 c0 7e 24 8a 0f eb 10
0x00007ffde0311c2d:   69 c0 93 01 00 01 0f b6 c9 33 c1 8a 0b 48 ff c3
0x00007ffde0311c3d:   84 c9 75 ec 0f ba f0 1f 33 d2 f7 f6 8b c2 eb 0e
0x00007ffde0311c4d:   79 09 83 c9 ff 2b c8 8b c1 eb 03 83 c8 ff 48 8b
0x00007ffde0311c5d:   5c 24 30 48 8b 74 24 38 48 83 c4 20 5f c3 cc 48
0x00007ffde0311c6d:   89 5c 24 08 48 89 74 24 10 57 48 83 ec 20 48 8b
0x00007ffde0311c7d:   f1 48 8d 0d ab 45 00 00 e8 ae 0b 00 00 33 ff 39
0x00007ffde0311c8d:   3d 86 43 00 00 76 24 48 8b 05 85 43 00 00 48 8b
0x00007ffde0311c9d:   d6 48 8b 1c f8 48 8b 0b e8 d6 1e 00 00 85 c0 74
0x00007ffde0311cad:   2b ff c7 3b 3d 62 43 00 00 72 dc 33 db 48 8d 0d
0x00007ffde0311cbd:   6f 45 00 00 e8 7a 0b 00 00 48 8b 74 24 38 48 8b
0x00007ffde0311ccd:   c3 48 8b 5c 24 30 48 83 c4 20 5f c3 ff 43 08 eb
0x00007ffde0311cdd:   dc cc cc 48 89 5c 24 08 48 89 74 24 10 57 48 83
0x00007ffde0311ced:   ec 20 48 8b d9 48 8b f2 48 8b 49 10 49 8b f8 8b
0x00007ffde0311cfd:   53 30 48 8b 01 ff 50 20 4c 8b 43 50 48 8b d6 48
0x00007ffde0311d0d:   8b 4b 10 44 8b c8 e8 a8 fe ff ff 83 f8 ff 74 38 



---------------  P R O C E S S  ---------------

VM state: not at safepoint (not fully initialized)

VM Mutex/Monitor currently owned by a thread: None


Dynamic libraries:
0x00007ff7a4590000 - 0x00007ff7a459f000 	C:\Java\jdk-15.0.2\bin\java.exe
0x00007ffde6e30000 - 0x00007ffde7025000 	C:\Windows\SYSTEM32\ntdll.dll
0x00007ffde4f30000 - 0x00007ffde4fed000 	C:\Windows\System32\KERNEL32.DLL
0x00007ffde4670000 - 0x00007ffde4939000 	C:\Windows\System32\KERNELBASE.dll
0x00007ffde4940000 - 0x00007ffde4a40000 	C:\Windows\System32\ucrtbase.dll
0x00007ffdde710000 - 0x00007ffdde728000 	C:\Java\jdk-15.0.2\bin\jli.dll
0x00007ffde6a10000 - 0x00007ffde6abc000 	C:\Windows\System32\ADVAPI32.dll
0x00007ffde5280000 - 0x00007ffde531e000 	C:\Windows\System32\msvcrt.dll
0x00007ffde4e90000 - 0x00007ffde4f2c000 	C:\Windows\System32\sechost.dll
0x00007ffde6470000 - 0x00007ffde659b000 	C:\Windows\System32\RPCRT4.dll
0x00007ffde6270000 - 0x00007ffde6410000 	C:\Windows\System32\USER32.dll
0x00007ffde4a40000 - 0x00007ffde4a62000 	C:\Windows\System32\win32u.dll
0x00007ffde6dc0000 - 0x00007ffde6dea000 	C:\Windows\System32\GDI32.dll
0x00007ffde4d20000 - 0x00007ffde4e2b000 	C:\Windows\System32\gdi32full.dll
0x00007ffde4a70000 - 0x00007ffde4b0d000 	C:\Windows\System32\msvcp_win.dll
0x00007ffde1c60000 - 0x00007ffde1c79000 	C:\Java\jdk-15.0.2\bin\VCRUNTIME140.dll
0x00007ffddb5c0000 - 0x00007ffddb85a000 	C:\Windows\WinSxS\amd64_microsoft.windows.common-controls_6595b64144ccf1df_6.0.19041.844_none_ca00b6081b84eb1d\COMCTL32.dll
0x00007ffddd700000 - 0x00007ffddd70a000 	C:\Windows\SYSTEM32\VERSION.dll
0x00007ffde6c30000 - 0x00007ffde6c60000 	C:\Windows\System32\IMM32.DLL
0x00007ffde1c50000 - 0x00007ffde1c5c000 	C:\Java\jdk-15.0.2\bin\vcruntime140_1.dll
0x00007ffdd1b70000 - 0x00007ffdd1c01000 	C:\Java\jdk-15.0.2\bin\msvcp140.dll
0x00007ffdb9980000 - 0x00007ffdba4de000 	C:\Java\jdk-15.0.2\bin\server\jvm.dll
0x00007ffde6c60000 - 0x00007ffde6c68000 	C:\Windows\System32\PSAPI.DLL
0x00007ffde1c80000 - 0x00007ffde1c89000 	C:\Windows\SYSTEM32\WSOCK32.dll
0x00007ffde6200000 - 0x00007ffde626b000 	C:\Windows\System32\WS2_32.dll
0x00007ffdd1f20000 - 0x00007ffdd1f47000 	C:\Windows\SYSTEM32\WINMM.dll
0x00007ffde24d0000 - 0x00007ffde24e2000 	C:\Windows\SYSTEM32\kernel.appcore.dll
0x00007ffde0310000 - 0x00007ffde031a000 	C:\Java\jdk-15.0.2\bin\jimage.dll

dbghelp: loading error: 1455
symbol engine: initialization error.

VM Arguments:
java_command: <unknown>
java_class_path (initial): <not set>
Launcher Type: SUN_STANDARD

[Global flags]
     bool UseLargePagesIndividualAllocation        = false                                  {pd product} {ergonomic}

Logging:
Log output configuration:
 #0: stdout all=warning uptime,level,tags
 #1: stderr all=off uptime,level,tags

Environment Variables:
JAVA_HOME=C:\Java\jdk-15.0.2
PATH=C:\Windows\system32;C:\Windows;C:\Windows\System32\Wbem;C:\Windows\System32\WindowsPowerShell\v1.0\;C:\Windows\System32\OpenSSH\;C:\Program Files\Git\cmd;C:\Users\rchamac\AppData\Local\Microsoft\WindowsApps;;C:\Users\rchamac\AppData\Local\Programs\Microsoft VS Code\bin
USERNAME=rchamac
OS=Windows_NT
PROCESSOR_IDENTIFIER=Intel64 Family 6 Model 126 Stepping 5, GenuineIntel



---------------  S Y S T E M  ---------------

OS:
 Windows 10 , 64 bit Build 19041 (10.0.19041.804)
OS uptime: 0 days 0:27 hours

CPU: total 3 (initial active 0) 

Memory: 4k page, system-wide physical 8191M (1208M free)
TotalPageFile size 14521M (AvailPageFile size 54M)
current process WorkingSet (physical memory assigned to process): 6M, peak: 6M
current process commit charge ("private bytes"): 2M, peak: 2M

vm_info: Java HotSpot(TM) 64-Bit Server VM (15.0.2+7-27) for windows-amd64 JRE (15.0.2+7-27), built on Dec  7 2020 20:07:01 by "mach5one" with unknown MS VC++:1925

END.
